running egg_info
creating ../../../build/btkamr_sim_scripts/btkamr_sim_scripts.egg-info
writing ../../../build/btkamr_sim_scripts/btkamr_sim_scripts.egg-info/PKG-INFO
writing dependency_links to ../../../build/btkamr_sim_scripts/btkamr_sim_scripts.egg-info/dependency_links.txt
writing entry points to ../../../build/btkamr_sim_scripts/btkamr_sim_scripts.egg-info/entry_points.txt
writing requirements to ../../../build/btkamr_sim_scripts/btkamr_sim_scripts.egg-info/requires.txt
writing top-level names to ../../../build/btkamr_sim_scripts/btkamr_sim_scripts.egg-info/top_level.txt
writing manifest file '../../../build/btkamr_sim_scripts/btkamr_sim_scripts.egg-info/SOURCES.txt'
reading manifest file '../../../build/btkamr_sim_scripts/btkamr_sim_scripts.egg-info/SOURCES.txt'
writing manifest file '../../../build/btkamr_sim_scripts/btkamr_sim_scripts.egg-info/SOURCES.txt'
running build
running build_py
creating /home/meren/Projects/btkamr_edu/build/btkamr_sim_scripts/build
creating /home/meren/Projects/btkamr_edu/build/btkamr_sim_scripts/build/lib
creating /home/meren/Projects/btkamr_edu/build/btkamr_sim_scripts/build/lib/btkamr_sim_scripts
copying btkamr_sim_scripts/odom_to_tf.py -> /home/meren/Projects/btkamr_edu/build/btkamr_sim_scripts/build/lib/btkamr_sim_scripts
copying btkamr_sim_scripts/__init__.py -> /home/meren/Projects/btkamr_edu/build/btkamr_sim_scripts/build/lib/btkamr_sim_scripts
running install
running install_lib
creating /home/meren/Projects/btkamr_edu/install/btkamr_sim_scripts/lib/python3.12/site-packages/btkamr_sim_scripts
copying /home/meren/Projects/btkamr_edu/build/btkamr_sim_scripts/build/lib/btkamr_sim_scripts/odom_to_tf.py -> /home/meren/Projects/btkamr_edu/install/btkamr_sim_scripts/lib/python3.12/site-packages/btkamr_sim_scripts
copying /home/meren/Projects/btkamr_edu/build/btkamr_sim_scripts/build/lib/btkamr_sim_scripts/__init__.py -> /home/meren/Projects/btkamr_edu/install/btkamr_sim_scripts/lib/python3.12/site-packages/btkamr_sim_scripts
byte-compiling /home/meren/Projects/btkamr_edu/install/btkamr_sim_scripts/lib/python3.12/site-packages/btkamr_sim_scripts/odom_to_tf.py to odom_to_tf.cpython-312.pyc
byte-compiling /home/meren/Projects/btkamr_edu/install/btkamr_sim_scripts/lib/python3.12/site-packages/btkamr_sim_scripts/__init__.py to __init__.cpython-312.pyc
running install_data
creating /home/meren/Projects/btkamr_edu/install/btkamr_sim_scripts/share/ament_index
creating /home/meren/Projects/btkamr_edu/install/btkamr_sim_scripts/share/ament_index/resource_index
creating /home/meren/Projects/btkamr_edu/install/btkamr_sim_scripts/share/ament_index/resource_index/packages
copying resource/btkamr_sim_scripts -> /home/meren/Projects/btkamr_edu/install/btkamr_sim_scripts/share/ament_index/resource_index/packages
copying package.xml -> /home/meren/Projects/btkamr_edu/install/btkamr_sim_scripts/share/btkamr_sim_scripts
running install_egg_info
Copying ../../../build/btkamr_sim_scripts/btkamr_sim_scripts.egg-info to /home/meren/Projects/btkamr_edu/install/btkamr_sim_scripts/lib/python3.12/site-packages/btkamr_sim_scripts-0.0.0-py3.12.egg-info
running install_scripts
Installing odom_to_tf script to /home/meren/Projects/btkamr_edu/install/btkamr_sim_scripts/lib/btkamr_sim_scripts
writing list of installed files to '/home/meren/Projects/btkamr_edu/build/btkamr_sim_scripts/install.log'
