[0.175s] Invoking command in '/home/meren/Projects/btkamr_edu/build/btkamr_simulate': CMAKE_PREFIX_PATH=${CMAKE_PREFIX_PATH}:/home/meren/Projects/btkamr_edu/app_ws/install/btkamr_tools:/home/meren/Projects/btkamr_edu/app_ws/install/btkamr_sim_scripts:/home/meren/Projects/btkamr_edu/install/btkamr_tools:/home/meren/Projects/btkamr_edu/install/btkamr_sim_scripts:/opt/ros/jazzy DEBUGINFOD_URLS=https://debuginfod.ubuntu.com /usr/bin/cmake /home/meren/Projects/btkamr_edu/app_ws/src/btkamr_simulate -DCMAKE_INSTALL_PREFIX=/home/meren/Projects/btkamr_edu/install/btkamr_simulate
[0.215s] -- The C compiler identification is GNU 13.3.0
[0.261s] -- The CXX compiler identification is GNU 13.3.0
[0.273s] -- Detecting C compiler ABI info
[0.339s] -- Detecting C compiler ABI info - done
[0.346s] -- Check for working C compiler: /usr/bin/cc - skipped
[0.346s] -- Detecting C compile features
[0.346s] -- Detecting C compile features - done
[0.353s] -- Detecting CXX compiler ABI info
[0.429s] -- Detecting CXX compiler ABI info - done
[0.436s] -- Check for working CXX compiler: /usr/bin/c++ - skipped
[0.436s] -- Detecting CXX compile features
[0.436s] -- Detecting CXX compile features - done
[0.439s] -- Found ament_cmake: 2.5.4 (/opt/ros/jazzy/share/ament_cmake/cmake)
[0.573s] -- Found Python3: /usr/bin/python3 (found version "3.12.3") found components: Interpreter 
[0.687s] -- Found ament_lint_auto: 0.17.3 (/opt/ros/jazzy/share/ament_lint_auto/cmake)
[0.775s] -- Added test 'flake8' to check Python code syntax and style conventions
[0.775s] -- Configured 'flake8' exclude dirs and/or files: 
[0.776s] -- Added test 'lint_cmake' to check CMake code style
[0.776s] -- Added test 'pep257' to check Python code against some of the docstring style conventions in PEP 257
[0.778s] -- Added test 'xmllint' to check XML markup files
[0.779s] -- Configuring done (0.6s)
[0.781s] -- Generating done (0.0s)
[0.782s] -- Build files have been written to: /home/meren/Projects/btkamr_edu/build/btkamr_simulate
[0.786s] Invoked command in '/home/meren/Projects/btkamr_edu/build/btkamr_simulate' returned '0': CMAKE_PREFIX_PATH=${CMAKE_PREFIX_PATH}:/home/meren/Projects/btkamr_edu/app_ws/install/btkamr_tools:/home/meren/Projects/btkamr_edu/app_ws/install/btkamr_sim_scripts:/home/meren/Projects/btkamr_edu/install/btkamr_tools:/home/meren/Projects/btkamr_edu/install/btkamr_sim_scripts:/opt/ros/jazzy DEBUGINFOD_URLS=https://debuginfod.ubuntu.com /usr/bin/cmake /home/meren/Projects/btkamr_edu/app_ws/src/btkamr_simulate -DCMAKE_INSTALL_PREFIX=/home/meren/Projects/btkamr_edu/install/btkamr_simulate
[0.787s] Invoking command in '/home/meren/Projects/btkamr_edu/build/btkamr_simulate': CMAKE_PREFIX_PATH=${CMAKE_PREFIX_PATH}:/home/meren/Projects/btkamr_edu/app_ws/install/btkamr_tools:/home/meren/Projects/btkamr_edu/app_ws/install/btkamr_sim_scripts:/home/meren/Projects/btkamr_edu/install/btkamr_tools:/home/meren/Projects/btkamr_edu/install/btkamr_sim_scripts:/opt/ros/jazzy DEBUGINFOD_URLS=https://debuginfod.ubuntu.com /usr/bin/cmake --build /home/meren/Projects/btkamr_edu/build/btkamr_simulate -- -j12 -l12
[0.819s] Invoked command in '/home/meren/Projects/btkamr_edu/build/btkamr_simulate' returned '0': CMAKE_PREFIX_PATH=${CMAKE_PREFIX_PATH}:/home/meren/Projects/btkamr_edu/app_ws/install/btkamr_tools:/home/meren/Projects/btkamr_edu/app_ws/install/btkamr_sim_scripts:/home/meren/Projects/btkamr_edu/install/btkamr_tools:/home/meren/Projects/btkamr_edu/install/btkamr_sim_scripts:/opt/ros/jazzy DEBUGINFOD_URLS=https://debuginfod.ubuntu.com /usr/bin/cmake --build /home/meren/Projects/btkamr_edu/build/btkamr_simulate -- -j12 -l12
[0.820s] Invoking command in '/home/meren/Projects/btkamr_edu/build/btkamr_simulate': CMAKE_PREFIX_PATH=${CMAKE_PREFIX_PATH}:/home/meren/Projects/btkamr_edu/app_ws/install/btkamr_tools:/home/meren/Projects/btkamr_edu/app_ws/install/btkamr_sim_scripts:/home/meren/Projects/btkamr_edu/install/btkamr_tools:/home/meren/Projects/btkamr_edu/install/btkamr_sim_scripts:/opt/ros/jazzy DEBUGINFOD_URLS=https://debuginfod.ubuntu.com /usr/bin/cmake --install /home/meren/Projects/btkamr_edu/build/btkamr_simulate
[0.827s] -- Install configuration: ""
[0.827s] -- Installing: /home/meren/Projects/btkamr_edu/install/btkamr_simulate/share/btkamr_simulate//launch
[0.827s] -- Installing: /home/meren/Projects/btkamr_edu/install/btkamr_simulate/share/btkamr_simulate//launch/in_my_house.launch.py
[0.827s] -- Installing: /home/meren/Projects/btkamr_edu/install/btkamr_simulate/share/btkamr_simulate//launch/slam.launch.py
[0.827s] -- Installing: /home/meren/Projects/btkamr_edu/install/btkamr_simulate/share/btkamr_simulate//launch/my_world.launch.py
[0.827s] -- Installing: /home/meren/Projects/btkamr_edu/install/btkamr_simulate/share/btkamr_simulate//launch/navigation.launch.py
[0.827s] -- Installing: /home/meren/Projects/btkamr_edu/install/btkamr_simulate/share/btkamr_simulate//config
[0.828s] -- Installing: /home/meren/Projects/btkamr_edu/install/btkamr_simulate/share/btkamr_simulate//config/stb_mapping.yaml
[0.828s] -- Installing: /home/meren/Projects/btkamr_edu/install/btkamr_simulate/share/btkamr_simulate//config/mapping.rviz
[0.828s] -- Installing: /home/meren/Projects/btkamr_edu/install/btkamr_simulate/share/btkamr_simulate//config/navigation.rviz
[0.828s] -- Installing: /home/meren/Projects/btkamr_edu/install/btkamr_simulate/share/btkamr_simulate//config/base.rviz
[0.828s] -- Installing: /home/meren/Projects/btkamr_edu/install/btkamr_simulate/share/btkamr_simulate//config/gz_bridge.yaml
[0.828s] -- Installing: /home/meren/Projects/btkamr_edu/install/btkamr_simulate/share/btkamr_simulate//config/stb_localization.yaml
[0.828s] -- Installing: /home/meren/Projects/btkamr_edu/install/btkamr_simulate/share/btkamr_simulate//config/nav2_params.yaml
[0.828s] -- Installing: /home/meren/Projects/btkamr_edu/install/btkamr_simulate/share/btkamr_simulate//worlds
[0.828s] -- Installing: /home/meren/Projects/btkamr_edu/install/btkamr_simulate/share/btkamr_simulate//worlds/in_my_house.sdf
[0.828s] -- Installing: /home/meren/Projects/btkamr_edu/install/btkamr_simulate/share/btkamr_simulate//worlds/my_world.sdf
[0.828s] -- Installing: /home/meren/Projects/btkamr_edu/install/btkamr_simulate/share/btkamr_simulate//models
[0.828s] -- Installing: /home/meren/Projects/btkamr_edu/install/btkamr_simulate/share/btkamr_simulate//models/my_model
[0.828s] -- Installing: /home/meren/Projects/btkamr_edu/install/btkamr_simulate/share/btkamr_simulate//models/my_model/model.sdf
[0.828s] -- Installing: /home/meren/Projects/btkamr_edu/install/btkamr_simulate/share/btkamr_simulate//models/my_model/model.config
[0.828s] -- Installing: /home/meren/Projects/btkamr_edu/install/btkamr_simulate/share/btkamr_simulate//models/my_house
[0.828s] -- Installing: /home/meren/Projects/btkamr_edu/install/btkamr_simulate/share/btkamr_simulate//models/my_house/model.sdf
[0.828s] -- Installing: /home/meren/Projects/btkamr_edu/install/btkamr_simulate/share/btkamr_simulate//models/my_house/model.config
[0.829s] -- Installing: /home/meren/Projects/btkamr_edu/install/btkamr_simulate/share/btkamr_simulate//maps
[0.829s] -- Installing: /home/meren/Projects/btkamr_edu/install/btkamr_simulate/share/btkamr_simulate//maps/in_my_house.pgm
[0.829s] -- Installing: /home/meren/Projects/btkamr_edu/install/btkamr_simulate/share/btkamr_simulate//maps/in_my_house.yaml
[0.829s] -- Installing: /home/meren/Projects/btkamr_edu/install/btkamr_simulate/share/ament_index/resource_index/package_run_dependencies/btkamr_simulate
[0.829s] -- Installing: /home/meren/Projects/btkamr_edu/install/btkamr_simulate/share/ament_index/resource_index/parent_prefix_path/btkamr_simulate
[0.829s] -- Installing: /home/meren/Projects/btkamr_edu/install/btkamr_simulate/share/btkamr_simulate/environment/ament_prefix_path.sh
[0.829s] -- Installing: /home/meren/Projects/btkamr_edu/install/btkamr_simulate/share/btkamr_simulate/environment/ament_prefix_path.dsv
[0.829s] -- Installing: /home/meren/Projects/btkamr_edu/install/btkamr_simulate/share/btkamr_simulate/environment/path.sh
[0.829s] -- Installing: /home/meren/Projects/btkamr_edu/install/btkamr_simulate/share/btkamr_simulate/environment/path.dsv
[0.829s] -- Installing: /home/meren/Projects/btkamr_edu/install/btkamr_simulate/share/btkamr_simulate/local_setup.bash
[0.829s] -- Installing: /home/meren/Projects/btkamr_edu/install/btkamr_simulate/share/btkamr_simulate/local_setup.sh
[0.829s] -- Installing: /home/meren/Projects/btkamr_edu/install/btkamr_simulate/share/btkamr_simulate/local_setup.zsh
[0.829s] -- Installing: /home/meren/Projects/btkamr_edu/install/btkamr_simulate/share/btkamr_simulate/local_setup.dsv
[0.829s] -- Installing: /home/meren/Projects/btkamr_edu/install/btkamr_simulate/share/btkamr_simulate/package.dsv
[0.829s] -- Installing: /home/meren/Projects/btkamr_edu/install/btkamr_simulate/share/ament_index/resource_index/packages/btkamr_simulate
[0.829s] -- Installing: /home/meren/Projects/btkamr_edu/install/btkamr_simulate/share/btkamr_simulate/cmake/btkamr_simulateConfig.cmake
[0.830s] -- Installing: /home/meren/Projects/btkamr_edu/install/btkamr_simulate/share/btkamr_simulate/cmake/btkamr_simulateConfig-version.cmake
[0.830s] -- Installing: /home/meren/Projects/btkamr_edu/install/btkamr_simulate/share/btkamr_simulate/package.xml
[0.831s] Invoked command in '/home/meren/Projects/btkamr_edu/build/btkamr_simulate' returned '0': CMAKE_PREFIX_PATH=${CMAKE_PREFIX_PATH}:/home/meren/Projects/btkamr_edu/app_ws/install/btkamr_tools:/home/meren/Projects/btkamr_edu/app_ws/install/btkamr_sim_scripts:/home/meren/Projects/btkamr_edu/install/btkamr_tools:/home/meren/Projects/btkamr_edu/install/btkamr_sim_scripts:/opt/ros/jazzy DEBUGINFOD_URLS=https://debuginfod.ubuntu.com /usr/bin/cmake --install /home/meren/Projects/btkamr_edu/build/btkamr_simulate
