running egg_info
creating ../../../build/btkamr_tools/btkamr_tools.egg-info
writing ../../../build/btkamr_tools/btkamr_tools.egg-info/PKG-INFO
writing dependency_links to ../../../build/btkamr_tools/btkamr_tools.egg-info/dependency_links.txt
writing entry points to ../../../build/btkamr_tools/btkamr_tools.egg-info/entry_points.txt
writing requirements to ../../../build/btkamr_tools/btkamr_tools.egg-info/requires.txt
writing top-level names to ../../../build/btkamr_tools/btkamr_tools.egg-info/top_level.txt
writing manifest file '../../../build/btkamr_tools/btkamr_tools.egg-info/SOURCES.txt'
reading manifest file '../../../build/btkamr_tools/btkamr_tools.egg-info/SOURCES.txt'
writing manifest file '../../../build/btkamr_tools/btkamr_tools.egg-info/SOURCES.txt'
running build
running build_py
creating /home/meren/Projects/btkamr_edu/build/btkamr_tools/build
creating /home/meren/Projects/btkamr_edu/build/btkamr_tools/build/lib
creating /home/meren/Projects/btkamr_edu/build/btkamr_tools/build/lib/btkamr_tools
copying btkamr_tools/__init__.py -> /home/meren/Projects/btkamr_edu/build/btkamr_tools/build/lib/btkamr_tools
copying btkamr_tools/teleop_keyboard.py -> /home/meren/Projects/btkamr_edu/build/btkamr_tools/build/lib/btkamr_tools
running install
running install_lib
creating /home/meren/Projects/btkamr_edu/install/btkamr_tools/lib/python3.12/site-packages/btkamr_tools
copying /home/meren/Projects/btkamr_edu/build/btkamr_tools/build/lib/btkamr_tools/__init__.py -> /home/meren/Projects/btkamr_edu/install/btkamr_tools/lib/python3.12/site-packages/btkamr_tools
copying /home/meren/Projects/btkamr_edu/build/btkamr_tools/build/lib/btkamr_tools/teleop_keyboard.py -> /home/meren/Projects/btkamr_edu/install/btkamr_tools/lib/python3.12/site-packages/btkamr_tools
byte-compiling /home/meren/Projects/btkamr_edu/install/btkamr_tools/lib/python3.12/site-packages/btkamr_tools/__init__.py to __init__.cpython-312.pyc
byte-compiling /home/meren/Projects/btkamr_edu/install/btkamr_tools/lib/python3.12/site-packages/btkamr_tools/teleop_keyboard.py to teleop_keyboard.cpython-312.pyc
running install_data
creating /home/meren/Projects/btkamr_edu/install/btkamr_tools/share/ament_index
creating /home/meren/Projects/btkamr_edu/install/btkamr_tools/share/ament_index/resource_index
creating /home/meren/Projects/btkamr_edu/install/btkamr_tools/share/ament_index/resource_index/packages
copying resource/btkamr_tools -> /home/meren/Projects/btkamr_edu/install/btkamr_tools/share/ament_index/resource_index/packages
copying package.xml -> /home/meren/Projects/btkamr_edu/install/btkamr_tools/share/btkamr_tools
running install_egg_info
Copying ../../../build/btkamr_tools/btkamr_tools.egg-info to /home/meren/Projects/btkamr_edu/install/btkamr_tools/lib/python3.12/site-packages/btkamr_tools-0.0.0-py3.12.egg-info
running install_scripts
Installing teleop_keyboard script to /home/meren/Projects/btkamr_edu/install/btkamr_tools/lib/btkamr_tools
writing list of installed files to '/home/meren/Projects/btkamr_edu/build/btkamr_tools/install.log'
