[0.859s] Invoking command in '/home/meren/Projects/btkamr_edu/app_ws/src/btkamr_tools': DEBUGINFOD_URLS=https://debuginfod.ubuntu.com PYTHONPATH=/home/meren/Projects/btkamr_edu/build/btkamr_tools/prefix_override:/usr/lib/python3/dist-packages/colcon_core/task/python/colcon_distutils_commands:/home/meren/Projects/btkamr_edu/install/btkamr_tools/lib/python3.12/site-packages:${PYTHONPATH} /usr/bin/python3 -W ignore:setup.py install is deprecated -W ignore:easy_install command is deprecated setup.py egg_info --egg-base ../../../build/btkamr_tools build --build-base /home/meren/Projects/btkamr_edu/build/btkamr_tools/build install --record /home/meren/Projects/btkamr_edu/build/btkamr_tools/install.log --single-version-externally-managed install_data
[1.063s] running egg_info
[1.063s] creating ../../../build/btkamr_tools/btkamr_tools.egg-info
[1.079s] writing ../../../build/btkamr_tools/btkamr_tools.egg-info/PKG-INFO
[1.079s] writing dependency_links to ../../../build/btkamr_tools/btkamr_tools.egg-info/dependency_links.txt
[1.079s] writing entry points to ../../../build/btkamr_tools/btkamr_tools.egg-info/entry_points.txt
[1.079s] writing requirements to ../../../build/btkamr_tools/btkamr_tools.egg-info/requires.txt
[1.079s] writing top-level names to ../../../build/btkamr_tools/btkamr_tools.egg-info/top_level.txt
[1.079s] writing manifest file '../../../build/btkamr_tools/btkamr_tools.egg-info/SOURCES.txt'
[1.113s] reading manifest file '../../../build/btkamr_tools/btkamr_tools.egg-info/SOURCES.txt'
[1.113s] writing manifest file '../../../build/btkamr_tools/btkamr_tools.egg-info/SOURCES.txt'
[1.113s] running build
[1.113s] running build_py
[1.113s] creating /home/meren/Projects/btkamr_edu/build/btkamr_tools/build
[1.113s] creating /home/meren/Projects/btkamr_edu/build/btkamr_tools/build/lib
[1.114s] creating /home/meren/Projects/btkamr_edu/build/btkamr_tools/build/lib/btkamr_tools
[1.114s] copying btkamr_tools/__init__.py -> /home/meren/Projects/btkamr_edu/build/btkamr_tools/build/lib/btkamr_tools
[1.114s] copying btkamr_tools/teleop_keyboard.py -> /home/meren/Projects/btkamr_edu/build/btkamr_tools/build/lib/btkamr_tools
[1.114s] running install
[1.119s] running install_lib
[1.137s] creating /home/meren/Projects/btkamr_edu/install/btkamr_tools/lib/python3.12/site-packages/btkamr_tools
[1.137s] copying /home/meren/Projects/btkamr_edu/build/btkamr_tools/build/lib/btkamr_tools/__init__.py -> /home/meren/Projects/btkamr_edu/install/btkamr_tools/lib/python3.12/site-packages/btkamr_tools
[1.138s] copying /home/meren/Projects/btkamr_edu/build/btkamr_tools/build/lib/btkamr_tools/teleop_keyboard.py -> /home/meren/Projects/btkamr_edu/install/btkamr_tools/lib/python3.12/site-packages/btkamr_tools
[1.138s] byte-compiling /home/meren/Projects/btkamr_edu/install/btkamr_tools/lib/python3.12/site-packages/btkamr_tools/__init__.py to __init__.cpython-312.pyc
[1.138s] byte-compiling /home/meren/Projects/btkamr_edu/install/btkamr_tools/lib/python3.12/site-packages/btkamr_tools/teleop_keyboard.py to teleop_keyboard.cpython-312.pyc
[1.139s] running install_data
[1.139s] creating /home/meren/Projects/btkamr_edu/install/btkamr_tools/share/ament_index
[1.139s] creating /home/meren/Projects/btkamr_edu/install/btkamr_tools/share/ament_index/resource_index
[1.139s] creating /home/meren/Projects/btkamr_edu/install/btkamr_tools/share/ament_index/resource_index/packages
[1.139s] copying resource/btkamr_tools -> /home/meren/Projects/btkamr_edu/install/btkamr_tools/share/ament_index/resource_index/packages
[1.139s] copying package.xml -> /home/meren/Projects/btkamr_edu/install/btkamr_tools/share/btkamr_tools
[1.139s] running install_egg_info
[1.157s] Copying ../../../build/btkamr_tools/btkamr_tools.egg-info to /home/meren/Projects/btkamr_edu/install/btkamr_tools/lib/python3.12/site-packages/btkamr_tools-0.0.0-py3.12.egg-info
[1.158s] running install_scripts
[1.270s] Installing teleop_keyboard script to /home/meren/Projects/btkamr_edu/install/btkamr_tools/lib/btkamr_tools
[1.270s] writing list of installed files to '/home/meren/Projects/btkamr_edu/build/btkamr_tools/install.log'
[1.305s] Invoked command in '/home/meren/Projects/btkamr_edu/app_ws/src/btkamr_tools' returned '0': DEBUGINFOD_URLS=https://debuginfod.ubuntu.com PYTHONPATH=/home/meren/Projects/btkamr_edu/build/btkamr_tools/prefix_override:/usr/lib/python3/dist-packages/colcon_core/task/python/colcon_distutils_commands:/home/meren/Projects/btkamr_edu/install/btkamr_tools/lib/python3.12/site-packages:${PYTHONPATH} /usr/bin/python3 -W ignore:setup.py install is deprecated -W ignore:easy_install command is deprecated setup.py egg_info --egg-base ../../../build/btkamr_tools build --build-base /home/meren/Projects/btkamr_edu/build/btkamr_tools/build install --record /home/meren/Projects/btkamr_edu/build/btkamr_tools/install.log --single-version-externally-managed install_data
