[0.071s] DEBUG:colcon:Command line arguments: ['/usr/bin/colcon', 'build']
[0.071s] DEBUG:colcon:Parsed command line arguments: Namespace(log_base=None, log_level=None, verb_name='build', build_base='build', install_base='install', merge_install=False, symlink_install=False, test_result_base=None, continue_on_error=False, executor='parallel', parallel_workers=12, event_handlers=None, ignore_user_meta=False, metas=['./colcon.meta'], base_paths=['.'], packages_ignore=None, packages_ignore_regex=None, paths=None, packages_up_to=None, packages_up_to_regex=None, packages_above=None, packages_above_and_dependencies=None, packages_above_depth=None, packages_select_by_dep=None, packages_skip_by_dep=None, packages_skip_up_to=None, packages_select_build_failed=False, packages_skip_build_finished=False, packages_select_test_failures=False, packages_skip_test_passed=False, packages_select=None, packages_skip=None, packages_select_regex=None, packages_skip_regex=None, packages_start=None, packages_end=None, allow_overriding=[], cmake_args=None, cmake_target=None, cmake_target_skip_unavailable=False, cmake_clean_cache=False, cmake_clean_first=False, cmake_force_configure=False, ament_cmake_args=None, catkin_cmake_args=None, catkin_skip_building_tests=False, mixin_files=None, mixin=None, verb_parser=<colcon_mixin.mixin.mixin_argument.MixinArgumentDecorator object at 0x7160696a9af0>, verb_extension=<colcon_core.verb.build.BuildVerb object at 0x7160697c5c10>, main=<bound method BuildVerb.main of <colcon_core.verb.build.BuildVerb object at 0x7160697c5c10>>, mixin_verb=('build',))
[0.096s] Level 1:colcon.colcon_core.package_discovery:discover_packages(colcon_meta) check parameters
[0.096s] Level 1:colcon.colcon_core.package_discovery:discover_packages(recursive) check parameters
[0.096s] Level 1:colcon.colcon_core.package_discovery:discover_packages(ignore) check parameters
[0.096s] Level 1:colcon.colcon_core.package_discovery:discover_packages(path) check parameters
[0.096s] Level 1:colcon.colcon_core.package_discovery:discover_packages(colcon_meta) discover
[0.096s] Level 1:colcon.colcon_core.package_discovery:discover_packages(recursive) discover
[0.096s] INFO:colcon.colcon_core.package_discovery:Crawling recursively for packages in '/home/meren/Projects/btkamr_edu'
[0.096s] Level 1:colcon.colcon_core.package_identification:_identify(.) by extensions ['ignore', 'ignore_ament_install']
[0.096s] Level 1:colcon.colcon_core.package_identification:_identify(.) by extension 'ignore'
[0.096s] Level 1:colcon.colcon_core.package_identification:_identify(.) by extension 'ignore_ament_install'
[0.096s] Level 1:colcon.colcon_core.package_identification:_identify(.) by extensions ['colcon_pkg']
[0.096s] Level 1:colcon.colcon_core.package_identification:_identify(.) by extension 'colcon_pkg'
[0.096s] Level 1:colcon.colcon_core.package_identification:_identify(.) by extensions ['colcon_meta']
[0.096s] Level 1:colcon.colcon_core.package_identification:_identify(.) by extension 'colcon_meta'
[0.096s] Level 1:colcon.colcon_core.package_identification:_identify(.) by extensions ['ros']
[0.096s] Level 1:colcon.colcon_core.package_identification:_identify(.) by extension 'ros'
[0.114s] Level 1:colcon.colcon_core.package_identification:_identify(.) by extensions ['cmake', 'python']
[0.114s] Level 1:colcon.colcon_core.package_identification:_identify(.) by extension 'cmake'
[0.114s] Level 1:colcon.colcon_core.package_identification:_identify(.) by extension 'python'
[0.114s] Level 1:colcon.colcon_core.package_identification:_identify(.) by extensions ['python_setup_py']
[0.114s] Level 1:colcon.colcon_core.package_identification:_identify(.) by extension 'python_setup_py'
[0.114s] Level 1:colcon.colcon_core.package_identification:_identify(alistirma) by extensions ['ignore', 'ignore_ament_install']
[0.114s] Level 1:colcon.colcon_core.package_identification:_identify(alistirma) by extension 'ignore'
[0.114s] Level 1:colcon.colcon_core.package_identification:_identify(alistirma) by extension 'ignore_ament_install'
[0.114s] Level 1:colcon.colcon_core.package_identification:_identify(alistirma) by extensions ['colcon_pkg']
[0.114s] Level 1:colcon.colcon_core.package_identification:_identify(alistirma) by extension 'colcon_pkg'
[0.114s] Level 1:colcon.colcon_core.package_identification:_identify(alistirma) by extensions ['colcon_meta']
[0.114s] Level 1:colcon.colcon_core.package_identification:_identify(alistirma) by extension 'colcon_meta'
[0.114s] Level 1:colcon.colcon_core.package_identification:_identify(alistirma) by extensions ['ros']
[0.114s] Level 1:colcon.colcon_core.package_identification:_identify(alistirma) by extension 'ros'
[0.114s] Level 1:colcon.colcon_core.package_identification:_identify(alistirma) by extensions ['cmake', 'python']
[0.114s] Level 1:colcon.colcon_core.package_identification:_identify(alistirma) by extension 'cmake'
[0.114s] Level 1:colcon.colcon_core.package_identification:_identify(alistirma) by extension 'python'
[0.114s] Level 1:colcon.colcon_core.package_identification:_identify(alistirma) by extensions ['python_setup_py']
[0.114s] Level 1:colcon.colcon_core.package_identification:_identify(alistirma) by extension 'python_setup_py'
[0.114s] Level 1:colcon.colcon_core.package_identification:_identify(app_ws) by extensions ['ignore', 'ignore_ament_install']
[0.114s] Level 1:colcon.colcon_core.package_identification:_identify(app_ws) by extension 'ignore'
[0.114s] Level 1:colcon.colcon_core.package_identification:_identify(app_ws) by extension 'ignore_ament_install'
[0.114s] Level 1:colcon.colcon_core.package_identification:_identify(app_ws) by extensions ['colcon_pkg']
[0.114s] Level 1:colcon.colcon_core.package_identification:_identify(app_ws) by extension 'colcon_pkg'
[0.115s] Level 1:colcon.colcon_core.package_identification:_identify(app_ws) by extensions ['colcon_meta']
[0.115s] Level 1:colcon.colcon_core.package_identification:_identify(app_ws) by extension 'colcon_meta'
[0.115s] Level 1:colcon.colcon_core.package_identification:_identify(app_ws) by extensions ['ros']
[0.115s] Level 1:colcon.colcon_core.package_identification:_identify(app_ws) by extension 'ros'
[0.115s] Level 1:colcon.colcon_core.package_identification:_identify(app_ws) by extensions ['cmake', 'python']
[0.115s] Level 1:colcon.colcon_core.package_identification:_identify(app_ws) by extension 'cmake'
[0.115s] Level 1:colcon.colcon_core.package_identification:_identify(app_ws) by extension 'python'
[0.115s] Level 1:colcon.colcon_core.package_identification:_identify(app_ws) by extensions ['python_setup_py']
[0.115s] Level 1:colcon.colcon_core.package_identification:_identify(app_ws) by extension 'python_setup_py'
[0.115s] Level 1:colcon.colcon_core.package_identification:_identify(app_ws/build) by extensions ['ignore', 'ignore_ament_install']
[0.115s] Level 1:colcon.colcon_core.package_identification:_identify(app_ws/build) by extension 'ignore'
[0.115s] Level 1:colcon.colcon_core.package_identification:_identify(app_ws/build) ignored
[0.115s] Level 1:colcon.colcon_core.package_identification:_identify(app_ws/install) by extensions ['ignore', 'ignore_ament_install']
[0.115s] Level 1:colcon.colcon_core.package_identification:_identify(app_ws/install) by extension 'ignore'
[0.115s] Level 1:colcon.colcon_core.package_identification:_identify(app_ws/install) ignored
[0.115s] Level 1:colcon.colcon_core.package_identification:_identify(app_ws/log) by extensions ['ignore', 'ignore_ament_install']
[0.115s] Level 1:colcon.colcon_core.package_identification:_identify(app_ws/log) by extension 'ignore'
[0.115s] Level 1:colcon.colcon_core.package_identification:_identify(app_ws/log) ignored
[0.115s] Level 1:colcon.colcon_core.package_identification:_identify(app_ws/src) by extensions ['ignore', 'ignore_ament_install']
[0.115s] Level 1:colcon.colcon_core.package_identification:_identify(app_ws/src) by extension 'ignore'
[0.115s] Level 1:colcon.colcon_core.package_identification:_identify(app_ws/src) by extension 'ignore_ament_install'
[0.115s] Level 1:colcon.colcon_core.package_identification:_identify(app_ws/src) by extensions ['colcon_pkg']
[0.115s] Level 1:colcon.colcon_core.package_identification:_identify(app_ws/src) by extension 'colcon_pkg'
[0.115s] Level 1:colcon.colcon_core.package_identification:_identify(app_ws/src) by extensions ['colcon_meta']
[0.115s] Level 1:colcon.colcon_core.package_identification:_identify(app_ws/src) by extension 'colcon_meta'
[0.115s] Level 1:colcon.colcon_core.package_identification:_identify(app_ws/src) by extensions ['ros']
[0.115s] Level 1:colcon.colcon_core.package_identification:_identify(app_ws/src) by extension 'ros'
[0.115s] Level 1:colcon.colcon_core.package_identification:_identify(app_ws/src) by extensions ['cmake', 'python']
[0.115s] Level 1:colcon.colcon_core.package_identification:_identify(app_ws/src) by extension 'cmake'
[0.115s] Level 1:colcon.colcon_core.package_identification:_identify(app_ws/src) by extension 'python'
[0.115s] Level 1:colcon.colcon_core.package_identification:_identify(app_ws/src) by extensions ['python_setup_py']
[0.115s] Level 1:colcon.colcon_core.package_identification:_identify(app_ws/src) by extension 'python_setup_py'
[0.116s] Level 1:colcon.colcon_core.package_identification:_identify(app_ws/src/btkamr_description) by extensions ['ignore', 'ignore_ament_install']
[0.116s] Level 1:colcon.colcon_core.package_identification:_identify(app_ws/src/btkamr_description) by extension 'ignore'
[0.116s] Level 1:colcon.colcon_core.package_identification:_identify(app_ws/src/btkamr_description) by extension 'ignore_ament_install'
[0.116s] Level 1:colcon.colcon_core.package_identification:_identify(app_ws/src/btkamr_description) by extensions ['colcon_pkg']
[0.116s] Level 1:colcon.colcon_core.package_identification:_identify(app_ws/src/btkamr_description) by extension 'colcon_pkg'
[0.116s] Level 1:colcon.colcon_core.package_identification:_identify(app_ws/src/btkamr_description) by extensions ['colcon_meta']
[0.116s] Level 1:colcon.colcon_core.package_identification:_identify(app_ws/src/btkamr_description) by extension 'colcon_meta'
[0.116s] Level 1:colcon.colcon_core.package_identification:_identify(app_ws/src/btkamr_description) by extensions ['ros']
[0.116s] Level 1:colcon.colcon_core.package_identification:_identify(app_ws/src/btkamr_description) by extension 'ros'
[0.117s] DEBUG:colcon.colcon_core.package_identification:Package 'app_ws/src/btkamr_description' with type 'ros.ament_cmake' and name 'btkamr_description'
[0.117s] Level 1:colcon.colcon_core.package_identification:_identify(app_ws/src/btkamr_sim_scripts) by extensions ['ignore', 'ignore_ament_install']
[0.117s] Level 1:colcon.colcon_core.package_identification:_identify(app_ws/src/btkamr_sim_scripts) by extension 'ignore'
[0.117s] Level 1:colcon.colcon_core.package_identification:_identify(app_ws/src/btkamr_sim_scripts) by extension 'ignore_ament_install'
[0.117s] Level 1:colcon.colcon_core.package_identification:_identify(app_ws/src/btkamr_sim_scripts) by extensions ['colcon_pkg']
[0.117s] Level 1:colcon.colcon_core.package_identification:_identify(app_ws/src/btkamr_sim_scripts) by extension 'colcon_pkg'
[0.117s] Level 1:colcon.colcon_core.package_identification:_identify(app_ws/src/btkamr_sim_scripts) by extensions ['colcon_meta']
[0.117s] Level 1:colcon.colcon_core.package_identification:_identify(app_ws/src/btkamr_sim_scripts) by extension 'colcon_meta'
[0.118s] Level 1:colcon.colcon_core.package_identification:_identify(app_ws/src/btkamr_sim_scripts) by extensions ['ros']
[0.118s] Level 1:colcon.colcon_core.package_identification:_identify(app_ws/src/btkamr_sim_scripts) by extension 'ros'
[0.118s] DEBUG:colcon.colcon_core.package_identification:Package 'app_ws/src/btkamr_sim_scripts' with type 'ros.ament_python' and name 'btkamr_sim_scripts'
[0.118s] Level 1:colcon.colcon_core.package_identification:_identify(app_ws/src/btkamr_simulate) by extensions ['ignore', 'ignore_ament_install']
[0.118s] Level 1:colcon.colcon_core.package_identification:_identify(app_ws/src/btkamr_simulate) by extension 'ignore'
[0.118s] Level 1:colcon.colcon_core.package_identification:_identify(app_ws/src/btkamr_simulate) by extension 'ignore_ament_install'
[0.118s] Level 1:colcon.colcon_core.package_identification:_identify(app_ws/src/btkamr_simulate) by extensions ['colcon_pkg']
[0.118s] Level 1:colcon.colcon_core.package_identification:_identify(app_ws/src/btkamr_simulate) by extension 'colcon_pkg'
[0.118s] Level 1:colcon.colcon_core.package_identification:_identify(app_ws/src/btkamr_simulate) by extensions ['colcon_meta']
[0.118s] Level 1:colcon.colcon_core.package_identification:_identify(app_ws/src/btkamr_simulate) by extension 'colcon_meta'
[0.118s] Level 1:colcon.colcon_core.package_identification:_identify(app_ws/src/btkamr_simulate) by extensions ['ros']
[0.118s] Level 1:colcon.colcon_core.package_identification:_identify(app_ws/src/btkamr_simulate) by extension 'ros'
[0.118s] DEBUG:colcon.colcon_core.package_identification:Package 'app_ws/src/btkamr_simulate' with type 'ros.ament_cmake' and name 'btkamr_simulate'
[0.118s] Level 1:colcon.colcon_core.package_identification:_identify(app_ws/src/btkamr_tools) by extensions ['ignore', 'ignore_ament_install']
[0.118s] Level 1:colcon.colcon_core.package_identification:_identify(app_ws/src/btkamr_tools) by extension 'ignore'
[0.118s] Level 1:colcon.colcon_core.package_identification:_identify(app_ws/src/btkamr_tools) by extension 'ignore_ament_install'
[0.119s] Level 1:colcon.colcon_core.package_identification:_identify(app_ws/src/btkamr_tools) by extensions ['colcon_pkg']
[0.119s] Level 1:colcon.colcon_core.package_identification:_identify(app_ws/src/btkamr_tools) by extension 'colcon_pkg'
[0.119s] Level 1:colcon.colcon_core.package_identification:_identify(app_ws/src/btkamr_tools) by extensions ['colcon_meta']
[0.119s] Level 1:colcon.colcon_core.package_identification:_identify(app_ws/src/btkamr_tools) by extension 'colcon_meta'
[0.119s] Level 1:colcon.colcon_core.package_identification:_identify(app_ws/src/btkamr_tools) by extensions ['ros']
[0.119s] Level 1:colcon.colcon_core.package_identification:_identify(app_ws/src/btkamr_tools) by extension 'ros'
[0.119s] DEBUG:colcon.colcon_core.package_identification:Package 'app_ws/src/btkamr_tools' with type 'ros.ament_python' and name 'btkamr_tools'
[0.119s] Level 1:colcon.colcon_core.package_identification:_identify(build) by extensions ['ignore', 'ignore_ament_install']
[0.119s] Level 1:colcon.colcon_core.package_identification:_identify(build) by extension 'ignore'
[0.119s] Level 1:colcon.colcon_core.package_identification:_identify(build) ignored
[0.119s] Level 1:colcon.colcon_core.package_identification:_identify(install) by extensions ['ignore', 'ignore_ament_install']
[0.119s] Level 1:colcon.colcon_core.package_identification:_identify(install) by extension 'ignore'
[0.119s] Level 1:colcon.colcon_core.package_identification:_identify(install) ignored
[0.119s] Level 1:colcon.colcon_core.package_identification:_identify(log) by extensions ['ignore', 'ignore_ament_install']
[0.119s] Level 1:colcon.colcon_core.package_identification:_identify(log) by extension 'ignore'
[0.119s] Level 1:colcon.colcon_core.package_identification:_identify(log) ignored
[0.119s] Level 1:colcon.colcon_core.package_identification:_identify(resources) by extensions ['ignore', 'ignore_ament_install']
[0.119s] Level 1:colcon.colcon_core.package_identification:_identify(resources) by extension 'ignore'
[0.119s] Level 1:colcon.colcon_core.package_identification:_identify(resources) by extension 'ignore_ament_install'
[0.119s] Level 1:colcon.colcon_core.package_identification:_identify(resources) by extensions ['colcon_pkg']
[0.119s] Level 1:colcon.colcon_core.package_identification:_identify(resources) by extension 'colcon_pkg'
[0.119s] Level 1:colcon.colcon_core.package_identification:_identify(resources) by extensions ['colcon_meta']
[0.119s] Level 1:colcon.colcon_core.package_identification:_identify(resources) by extension 'colcon_meta'
[0.119s] Level 1:colcon.colcon_core.package_identification:_identify(resources) by extensions ['ros']
[0.119s] Level 1:colcon.colcon_core.package_identification:_identify(resources) by extension 'ros'
[0.119s] Level 1:colcon.colcon_core.package_identification:_identify(resources) by extensions ['cmake', 'python']
[0.120s] Level 1:colcon.colcon_core.package_identification:_identify(resources) by extension 'cmake'
[0.120s] Level 1:colcon.colcon_core.package_identification:_identify(resources) by extension 'python'
[0.120s] Level 1:colcon.colcon_core.package_identification:_identify(resources) by extensions ['python_setup_py']
[0.120s] Level 1:colcon.colcon_core.package_identification:_identify(resources) by extension 'python_setup_py'
[0.120s] Level 1:colcon.colcon_core.package_discovery:discover_packages(recursive) using defaults
[0.120s] Level 1:colcon.colcon_core.package_discovery:discover_packages(ignore) discover
[0.120s] Level 1:colcon.colcon_core.package_discovery:discover_packages(ignore) using defaults
[0.120s] Level 1:colcon.colcon_core.package_discovery:discover_packages(path) discover
[0.120s] Level 1:colcon.colcon_core.package_discovery:discover_packages(path) using defaults
[0.132s] Level 1:colcon.colcon_core.package_discovery:discover_packages(prefix_path) check parameters
[0.132s] Level 1:colcon.colcon_core.package_discovery:discover_packages(prefix_path) discover
[0.132s] WARNING:colcon.colcon_ros.prefix_path.ament:The path '/home/meren/Projects/btkamr_edu/install/btkamr_tools' in the environment variable AMENT_PREFIX_PATH doesn't exist
[0.132s] WARNING:colcon.colcon_ros.prefix_path.ament:The path '/home/meren/Projects/btkamr_edu/install/btkamr_simulate' in the environment variable AMENT_PREFIX_PATH doesn't exist
[0.132s] WARNING:colcon.colcon_ros.prefix_path.ament:The path '/home/meren/Projects/btkamr_edu/install/btkamr_sim_scripts' in the environment variable AMENT_PREFIX_PATH doesn't exist
[0.132s] WARNING:colcon.colcon_ros.prefix_path.ament:The path '/home/meren/Projects/btkamr_edu/install/btkamr_description' in the environment variable AMENT_PREFIX_PATH doesn't exist
[0.132s] WARNING:colcon.colcon_ros.prefix_path.catkin:The path '/home/meren/Projects/btkamr_edu/install/btkamr_simulate' in the environment variable CMAKE_PREFIX_PATH doesn't exist
[0.132s] WARNING:colcon.colcon_ros.prefix_path.catkin:The path '/home/meren/Projects/btkamr_edu/install/btkamr_description' in the environment variable CMAKE_PREFIX_PATH doesn't exist
[0.133s] DEBUG:colcon.colcon_installed_package_information.package_discovery:Found 4 installed packages in /home/meren/Projects/btkamr_edu/app_ws/install
[0.133s] DEBUG:colcon.colcon_installed_package_information.package_discovery:Found 0 installed packages in /home/meren/Projects/btkamr_edu/install
[0.134s] DEBUG:colcon.colcon_installed_package_information.package_discovery:Found 387 installed packages in /opt/ros/jazzy
[0.136s] Level 1:colcon.colcon_core.package_discovery:discover_packages(prefix_path) using defaults
[0.169s] Level 5:colcon.colcon_core.verb:set package 'btkamr_description' build argument 'cmake_args' from command line to 'None'
[0.169s] Level 5:colcon.colcon_core.verb:set package 'btkamr_description' build argument 'cmake_target' from command line to 'None'
[0.169s] Level 5:colcon.colcon_core.verb:set package 'btkamr_description' build argument 'cmake_target_skip_unavailable' from command line to 'False'
[0.169s] Level 5:colcon.colcon_core.verb:set package 'btkamr_description' build argument 'cmake_clean_cache' from command line to 'False'
[0.169s] Level 5:colcon.colcon_core.verb:set package 'btkamr_description' build argument 'cmake_clean_first' from command line to 'False'
[0.169s] Level 5:colcon.colcon_core.verb:set package 'btkamr_description' build argument 'cmake_force_configure' from command line to 'False'
[0.169s] Level 5:colcon.colcon_core.verb:set package 'btkamr_description' build argument 'ament_cmake_args' from command line to 'None'
[0.169s] Level 5:colcon.colcon_core.verb:set package 'btkamr_description' build argument 'catkin_cmake_args' from command line to 'None'
[0.169s] Level 5:colcon.colcon_core.verb:set package 'btkamr_description' build argument 'catkin_skip_building_tests' from command line to 'False'
[0.169s] DEBUG:colcon.colcon_core.verb:Building package 'btkamr_description' with the following arguments: {'ament_cmake_args': None, 'build_base': '/home/meren/Projects/btkamr_edu/build/btkamr_description', 'catkin_cmake_args': None, 'catkin_skip_building_tests': False, 'cmake_args': None, 'cmake_clean_cache': False, 'cmake_clean_first': False, 'cmake_force_configure': False, 'cmake_target': None, 'cmake_target_skip_unavailable': False, 'install_base': '/home/meren/Projects/btkamr_edu/install/btkamr_description', 'merge_install': False, 'path': '/home/meren/Projects/btkamr_edu/app_ws/src/btkamr_description', 'symlink_install': False, 'test_result_base': None}
[0.169s] Level 5:colcon.colcon_core.verb:set package 'btkamr_sim_scripts' build argument 'cmake_args' from command line to 'None'
[0.169s] Level 5:colcon.colcon_core.verb:set package 'btkamr_sim_scripts' build argument 'cmake_target' from command line to 'None'
[0.169s] Level 5:colcon.colcon_core.verb:set package 'btkamr_sim_scripts' build argument 'cmake_target_skip_unavailable' from command line to 'False'
[0.169s] Level 5:colcon.colcon_core.verb:set package 'btkamr_sim_scripts' build argument 'cmake_clean_cache' from command line to 'False'
[0.169s] Level 5:colcon.colcon_core.verb:set package 'btkamr_sim_scripts' build argument 'cmake_clean_first' from command line to 'False'
[0.169s] Level 5:colcon.colcon_core.verb:set package 'btkamr_sim_scripts' build argument 'cmake_force_configure' from command line to 'False'
[0.169s] Level 5:colcon.colcon_core.verb:set package 'btkamr_sim_scripts' build argument 'ament_cmake_args' from command line to 'None'
[0.169s] Level 5:colcon.colcon_core.verb:set package 'btkamr_sim_scripts' build argument 'catkin_cmake_args' from command line to 'None'
[0.169s] Level 5:colcon.colcon_core.verb:set package 'btkamr_sim_scripts' build argument 'catkin_skip_building_tests' from command line to 'False'
[0.169s] DEBUG:colcon.colcon_core.verb:Building package 'btkamr_sim_scripts' with the following arguments: {'ament_cmake_args': None, 'build_base': '/home/meren/Projects/btkamr_edu/build/btkamr_sim_scripts', 'catkin_cmake_args': None, 'catkin_skip_building_tests': False, 'cmake_args': None, 'cmake_clean_cache': False, 'cmake_clean_first': False, 'cmake_force_configure': False, 'cmake_target': None, 'cmake_target_skip_unavailable': False, 'install_base': '/home/meren/Projects/btkamr_edu/install/btkamr_sim_scripts', 'merge_install': False, 'path': '/home/meren/Projects/btkamr_edu/app_ws/src/btkamr_sim_scripts', 'symlink_install': False, 'test_result_base': None}
[0.169s] Level 5:colcon.colcon_core.verb:set package 'btkamr_simulate' build argument 'cmake_args' from command line to 'None'
[0.169s] Level 5:colcon.colcon_core.verb:set package 'btkamr_simulate' build argument 'cmake_target' from command line to 'None'
[0.170s] Level 5:colcon.colcon_core.verb:set package 'btkamr_simulate' build argument 'cmake_target_skip_unavailable' from command line to 'False'
[0.170s] Level 5:colcon.colcon_core.verb:set package 'btkamr_simulate' build argument 'cmake_clean_cache' from command line to 'False'
[0.170s] Level 5:colcon.colcon_core.verb:set package 'btkamr_simulate' build argument 'cmake_clean_first' from command line to 'False'
[0.170s] Level 5:colcon.colcon_core.verb:set package 'btkamr_simulate' build argument 'cmake_force_configure' from command line to 'False'
[0.170s] Level 5:colcon.colcon_core.verb:set package 'btkamr_simulate' build argument 'ament_cmake_args' from command line to 'None'
[0.170s] Level 5:colcon.colcon_core.verb:set package 'btkamr_simulate' build argument 'catkin_cmake_args' from command line to 'None'
[0.170s] Level 5:colcon.colcon_core.verb:set package 'btkamr_simulate' build argument 'catkin_skip_building_tests' from command line to 'False'
[0.170s] DEBUG:colcon.colcon_core.verb:Building package 'btkamr_simulate' with the following arguments: {'ament_cmake_args': None, 'build_base': '/home/meren/Projects/btkamr_edu/build/btkamr_simulate', 'catkin_cmake_args': None, 'catkin_skip_building_tests': False, 'cmake_args': None, 'cmake_clean_cache': False, 'cmake_clean_first': False, 'cmake_force_configure': False, 'cmake_target': None, 'cmake_target_skip_unavailable': False, 'install_base': '/home/meren/Projects/btkamr_edu/install/btkamr_simulate', 'merge_install': False, 'path': '/home/meren/Projects/btkamr_edu/app_ws/src/btkamr_simulate', 'symlink_install': False, 'test_result_base': None}
[0.170s] Level 5:colcon.colcon_core.verb:set package 'btkamr_tools' build argument 'cmake_args' from command line to 'None'
[0.170s] Level 5:colcon.colcon_core.verb:set package 'btkamr_tools' build argument 'cmake_target' from command line to 'None'
[0.170s] Level 5:colcon.colcon_core.verb:set package 'btkamr_tools' build argument 'cmake_target_skip_unavailable' from command line to 'False'
[0.170s] Level 5:colcon.colcon_core.verb:set package 'btkamr_tools' build argument 'cmake_clean_cache' from command line to 'False'
[0.170s] Level 5:colcon.colcon_core.verb:set package 'btkamr_tools' build argument 'cmake_clean_first' from command line to 'False'
[0.170s] Level 5:colcon.colcon_core.verb:set package 'btkamr_tools' build argument 'cmake_force_configure' from command line to 'False'
[0.170s] Level 5:colcon.colcon_core.verb:set package 'btkamr_tools' build argument 'ament_cmake_args' from command line to 'None'
[0.170s] Level 5:colcon.colcon_core.verb:set package 'btkamr_tools' build argument 'catkin_cmake_args' from command line to 'None'
[0.170s] Level 5:colcon.colcon_core.verb:set package 'btkamr_tools' build argument 'catkin_skip_building_tests' from command line to 'False'
[0.170s] DEBUG:colcon.colcon_core.verb:Building package 'btkamr_tools' with the following arguments: {'ament_cmake_args': None, 'build_base': '/home/meren/Projects/btkamr_edu/build/btkamr_tools', 'catkin_cmake_args': None, 'catkin_skip_building_tests': False, 'cmake_args': None, 'cmake_clean_cache': False, 'cmake_clean_first': False, 'cmake_force_configure': False, 'cmake_target': None, 'cmake_target_skip_unavailable': False, 'install_base': '/home/meren/Projects/btkamr_edu/install/btkamr_tools', 'merge_install': False, 'path': '/home/meren/Projects/btkamr_edu/app_ws/src/btkamr_tools', 'symlink_install': False, 'test_result_base': None}
[0.170s] INFO:colcon.colcon_core.executor:Executing jobs using 'parallel' executor
[0.171s] DEBUG:colcon.colcon_parallel_executor.executor.parallel:run_until_complete
[0.171s] INFO:colcon.colcon_ros.task.ament_cmake.build:Building ROS package in '/home/meren/Projects/btkamr_edu/app_ws/src/btkamr_description' with build type 'ament_cmake'
[0.171s] INFO:colcon.colcon_cmake.task.cmake.build:Building CMake package in '/home/meren/Projects/btkamr_edu/app_ws/src/btkamr_description'
[0.172s] INFO:colcon.colcon_core.plugin_system:Skipping extension 'colcon_core.shell.bat': Not used on non-Windows systems
[0.172s] INFO:colcon.colcon_core.shell:Skip shell extension 'powershell' for command environment: Not usable outside of PowerShell
[0.172s] DEBUG:colcon.colcon_core.shell:Skip shell extension 'dsv' for command environment
[0.176s] INFO:colcon.colcon_ros.task.ament_python.build:Building ROS package in '/home/meren/Projects/btkamr_edu/app_ws/src/btkamr_sim_scripts' with build type 'ament_python'
[0.176s] Level 1:colcon.colcon_core.shell:create_environment_hook('btkamr_sim_scripts', 'ament_prefix_path')
[0.176s] INFO:colcon.colcon_core.shell:Creating environment hook '/home/meren/Projects/btkamr_edu/install/btkamr_sim_scripts/share/btkamr_sim_scripts/hook/ament_prefix_path.ps1'
[0.177s] INFO:colcon.colcon_core.shell:Creating environment descriptor '/home/meren/Projects/btkamr_edu/install/btkamr_sim_scripts/share/btkamr_sim_scripts/hook/ament_prefix_path.dsv'
[0.177s] INFO:colcon.colcon_core.shell:Creating environment hook '/home/meren/Projects/btkamr_edu/install/btkamr_sim_scripts/share/btkamr_sim_scripts/hook/ament_prefix_path.sh'
[0.177s] INFO:colcon.colcon_core.shell:Skip shell extension 'powershell' for command environment: Not usable outside of PowerShell
[0.177s] DEBUG:colcon.colcon_core.shell:Skip shell extension 'dsv' for command environment
[0.180s] INFO:colcon.colcon_ros.task.ament_cmake.build:Building ROS package in '/home/meren/Projects/btkamr_edu/app_ws/src/btkamr_simulate' with build type 'ament_cmake'
[0.180s] INFO:colcon.colcon_cmake.task.cmake.build:Building CMake package in '/home/meren/Projects/btkamr_edu/app_ws/src/btkamr_simulate'
[0.180s] INFO:colcon.colcon_core.shell:Skip shell extension 'powershell' for command environment: Not usable outside of PowerShell
[0.180s] DEBUG:colcon.colcon_core.shell:Skip shell extension 'dsv' for command environment
[0.183s] INFO:colcon.colcon_ros.task.ament_python.build:Building ROS package in '/home/meren/Projects/btkamr_edu/app_ws/src/btkamr_tools' with build type 'ament_python'
[0.183s] Level 1:colcon.colcon_core.shell:create_environment_hook('btkamr_tools', 'ament_prefix_path')
[0.183s] INFO:colcon.colcon_core.shell:Creating environment hook '/home/meren/Projects/btkamr_edu/install/btkamr_tools/share/btkamr_tools/hook/ament_prefix_path.ps1'
[0.183s] INFO:colcon.colcon_core.shell:Creating environment descriptor '/home/meren/Projects/btkamr_edu/install/btkamr_tools/share/btkamr_tools/hook/ament_prefix_path.dsv'
[0.183s] INFO:colcon.colcon_core.shell:Creating environment hook '/home/meren/Projects/btkamr_edu/install/btkamr_tools/share/btkamr_tools/hook/ament_prefix_path.sh'
[0.184s] INFO:colcon.colcon_core.shell:Skip shell extension 'powershell' for command environment: Not usable outside of PowerShell
[0.184s] DEBUG:colcon.colcon_core.shell:Skip shell extension 'dsv' for command environment
[0.188s] DEBUG:colcon.colcon_core.event_handler.log_command:Invoking command in '/home/meren/Projects/btkamr_edu/build/btkamr_description': CMAKE_PREFIX_PATH=${CMAKE_PREFIX_PATH}:/home/meren/Projects/btkamr_edu/app_ws/install/btkamr_tools:/home/meren/Projects/btkamr_edu/app_ws/install/btkamr_sim_scripts:/home/meren/Projects/btkamr_edu/install/btkamr_tools:/home/meren/Projects/btkamr_edu/install/btkamr_sim_scripts:/opt/ros/jazzy DEBUGINFOD_URLS=https://debuginfod.ubuntu.com /usr/bin/cmake /home/meren/Projects/btkamr_edu/app_ws/src/btkamr_description -DCMAKE_INSTALL_PREFIX=/home/meren/Projects/btkamr_edu/install/btkamr_description
[0.351s] INFO:colcon.colcon_core.task.python.build:Building Python package in '/home/meren/Projects/btkamr_edu/app_ws/src/btkamr_sim_scripts'
[0.352s] INFO:colcon.colcon_core.shell:Skip shell extension 'powershell' for command environment: Not usable outside of PowerShell
[0.352s] DEBUG:colcon.colcon_core.shell:Skip shell extension 'dsv' for command environment
[0.356s] DEBUG:colcon.colcon_core.event_handler.log_command:Invoking command in '/home/meren/Projects/btkamr_edu/build/btkamr_simulate': CMAKE_PREFIX_PATH=${CMAKE_PREFIX_PATH}:/home/meren/Projects/btkamr_edu/app_ws/install/btkamr_tools:/home/meren/Projects/btkamr_edu/app_ws/install/btkamr_sim_scripts:/home/meren/Projects/btkamr_edu/install/btkamr_tools:/home/meren/Projects/btkamr_edu/install/btkamr_sim_scripts:/opt/ros/jazzy DEBUGINFOD_URLS=https://debuginfod.ubuntu.com /usr/bin/cmake /home/meren/Projects/btkamr_edu/app_ws/src/btkamr_simulate -DCMAKE_INSTALL_PREFIX=/home/meren/Projects/btkamr_edu/install/btkamr_simulate
[0.535s] INFO:colcon.colcon_core.task.python.build:Building Python package in '/home/meren/Projects/btkamr_edu/app_ws/src/btkamr_tools'
[0.535s] INFO:colcon.colcon_core.shell:Skip shell extension 'powershell' for command environment: Not usable outside of PowerShell
[0.535s] DEBUG:colcon.colcon_core.shell:Skip shell extension 'dsv' for command environment
[0.794s] DEBUG:colcon.colcon_core.event_handler.log_command:Invoked command in '/home/meren/Projects/btkamr_edu/build/btkamr_description' returned '0': CMAKE_PREFIX_PATH=${CMAKE_PREFIX_PATH}:/home/meren/Projects/btkamr_edu/app_ws/install/btkamr_tools:/home/meren/Projects/btkamr_edu/app_ws/install/btkamr_sim_scripts:/home/meren/Projects/btkamr_edu/install/btkamr_tools:/home/meren/Projects/btkamr_edu/install/btkamr_sim_scripts:/opt/ros/jazzy DEBUGINFOD_URLS=https://debuginfod.ubuntu.com /usr/bin/cmake /home/meren/Projects/btkamr_edu/app_ws/src/btkamr_description -DCMAKE_INSTALL_PREFIX=/home/meren/Projects/btkamr_edu/install/btkamr_description
[0.795s] DEBUG:colcon.colcon_core.event_handler.log_command:Invoking command in '/home/meren/Projects/btkamr_edu/build/btkamr_description': CMAKE_PREFIX_PATH=${CMAKE_PREFIX_PATH}:/home/meren/Projects/btkamr_edu/app_ws/install/btkamr_tools:/home/meren/Projects/btkamr_edu/app_ws/install/btkamr_sim_scripts:/home/meren/Projects/btkamr_edu/install/btkamr_tools:/home/meren/Projects/btkamr_edu/install/btkamr_sim_scripts:/opt/ros/jazzy DEBUGINFOD_URLS=https://debuginfod.ubuntu.com /usr/bin/cmake --build /home/meren/Projects/btkamr_edu/build/btkamr_description -- -j12 -l12
[0.826s] DEBUG:colcon.colcon_core.event_handler.log_command:Invoked command in '/home/meren/Projects/btkamr_edu/build/btkamr_description' returned '0': CMAKE_PREFIX_PATH=${CMAKE_PREFIX_PATH}:/home/meren/Projects/btkamr_edu/app_ws/install/btkamr_tools:/home/meren/Projects/btkamr_edu/app_ws/install/btkamr_sim_scripts:/home/meren/Projects/btkamr_edu/install/btkamr_tools:/home/meren/Projects/btkamr_edu/install/btkamr_sim_scripts:/opt/ros/jazzy DEBUGINFOD_URLS=https://debuginfod.ubuntu.com /usr/bin/cmake --build /home/meren/Projects/btkamr_edu/build/btkamr_description -- -j12 -l12
[0.834s] DEBUG:colcon.colcon_core.event_handler.log_command:Invoking command in '/home/meren/Projects/btkamr_edu/build/btkamr_description': CMAKE_PREFIX_PATH=${CMAKE_PREFIX_PATH}:/home/meren/Projects/btkamr_edu/app_ws/install/btkamr_tools:/home/meren/Projects/btkamr_edu/app_ws/install/btkamr_sim_scripts:/home/meren/Projects/btkamr_edu/install/btkamr_tools:/home/meren/Projects/btkamr_edu/install/btkamr_sim_scripts:/opt/ros/jazzy DEBUGINFOD_URLS=https://debuginfod.ubuntu.com /usr/bin/cmake --install /home/meren/Projects/btkamr_edu/build/btkamr_description
[0.842s] Level 1:colcon.colcon_core.environment:create_environment_scripts_only(btkamr_description)
[0.842s] DEBUG:colcon.colcon_core.event_handler.log_command:Invoked command in '/home/meren/Projects/btkamr_edu/build/btkamr_description' returned '0': CMAKE_PREFIX_PATH=${CMAKE_PREFIX_PATH}:/home/meren/Projects/btkamr_edu/app_ws/install/btkamr_tools:/home/meren/Projects/btkamr_edu/app_ws/install/btkamr_sim_scripts:/home/meren/Projects/btkamr_edu/install/btkamr_tools:/home/meren/Projects/btkamr_edu/install/btkamr_sim_scripts:/opt/ros/jazzy DEBUGINFOD_URLS=https://debuginfod.ubuntu.com /usr/bin/cmake --install /home/meren/Projects/btkamr_edu/build/btkamr_description
[0.844s] Level 1:colcon.colcon_core.environment:checking '/home/meren/Projects/btkamr_edu/install/btkamr_description' for CMake module files
[0.844s] Level 1:colcon.colcon_core.environment:checking '/home/meren/Projects/btkamr_edu/install/btkamr_description' for CMake config files
[0.844s] Level 1:colcon.colcon_core.shell:create_environment_hook('btkamr_description', 'cmake_prefix_path')
[0.844s] INFO:colcon.colcon_core.shell:Creating environment hook '/home/meren/Projects/btkamr_edu/install/btkamr_description/share/btkamr_description/hook/cmake_prefix_path.ps1'
[0.845s] INFO:colcon.colcon_core.shell:Creating environment descriptor '/home/meren/Projects/btkamr_edu/install/btkamr_description/share/btkamr_description/hook/cmake_prefix_path.dsv'
[0.845s] INFO:colcon.colcon_core.shell:Creating environment hook '/home/meren/Projects/btkamr_edu/install/btkamr_description/share/btkamr_description/hook/cmake_prefix_path.sh'
[0.845s] Level 1:colcon.colcon_core.environment:checking '/home/meren/Projects/btkamr_edu/install/btkamr_description/bin'
[0.845s] Level 1:colcon.colcon_core.environment:checking '/home/meren/Projects/btkamr_edu/install/btkamr_description/lib/pkgconfig/btkamr_description.pc'
[0.845s] Level 1:colcon.colcon_core.environment:checking '/home/meren/Projects/btkamr_edu/install/btkamr_description/lib/python3.12/site-packages'
[0.846s] Level 1:colcon.colcon_core.environment:checking '/home/meren/Projects/btkamr_edu/install/btkamr_description/bin'
[0.846s] INFO:colcon.colcon_core.shell:Creating package script '/home/meren/Projects/btkamr_edu/install/btkamr_description/share/btkamr_description/package.ps1'
[0.846s] INFO:colcon.colcon_core.shell:Creating package descriptor '/home/meren/Projects/btkamr_edu/install/btkamr_description/share/btkamr_description/package.dsv'
[0.847s] INFO:colcon.colcon_core.shell:Creating package script '/home/meren/Projects/btkamr_edu/install/btkamr_description/share/btkamr_description/package.sh'
[0.847s] INFO:colcon.colcon_core.shell:Creating package script '/home/meren/Projects/btkamr_edu/install/btkamr_description/share/btkamr_description/package.bash'
[0.847s] INFO:colcon.colcon_core.shell:Creating package script '/home/meren/Projects/btkamr_edu/install/btkamr_description/share/btkamr_description/package.zsh'
[0.848s] Level 1:colcon.colcon_core.environment:create_file_with_runtime_dependencies(/home/meren/Projects/btkamr_edu/install/btkamr_description/share/colcon-core/packages/btkamr_description)
[0.848s] Level 1:colcon.colcon_core.environment:create_environment_scripts_only(btkamr_description)
[0.848s] Level 1:colcon.colcon_core.environment:checking '/home/meren/Projects/btkamr_edu/install/btkamr_description' for CMake module files
[0.849s] Level 1:colcon.colcon_core.environment:checking '/home/meren/Projects/btkamr_edu/install/btkamr_description' for CMake config files
[0.849s] Level 1:colcon.colcon_core.shell:create_environment_hook('btkamr_description', 'cmake_prefix_path')
[0.849s] INFO:colcon.colcon_core.shell:Creating environment hook '/home/meren/Projects/btkamr_edu/install/btkamr_description/share/btkamr_description/hook/cmake_prefix_path.ps1'
[0.849s] INFO:colcon.colcon_core.shell:Creating environment descriptor '/home/meren/Projects/btkamr_edu/install/btkamr_description/share/btkamr_description/hook/cmake_prefix_path.dsv'
[0.849s] INFO:colcon.colcon_core.shell:Creating environment hook '/home/meren/Projects/btkamr_edu/install/btkamr_description/share/btkamr_description/hook/cmake_prefix_path.sh'
[0.850s] Level 1:colcon.colcon_core.environment:checking '/home/meren/Projects/btkamr_edu/install/btkamr_description/bin'
[0.850s] Level 1:colcon.colcon_core.environment:checking '/home/meren/Projects/btkamr_edu/install/btkamr_description/lib/pkgconfig/btkamr_description.pc'
[0.850s] Level 1:colcon.colcon_core.environment:checking '/home/meren/Projects/btkamr_edu/install/btkamr_description/lib/python3.12/site-packages'
[0.850s] Level 1:colcon.colcon_core.environment:checking '/home/meren/Projects/btkamr_edu/install/btkamr_description/bin'
[0.850s] INFO:colcon.colcon_core.shell:Creating package script '/home/meren/Projects/btkamr_edu/install/btkamr_description/share/btkamr_description/package.ps1'
[0.850s] INFO:colcon.colcon_core.shell:Creating package descriptor '/home/meren/Projects/btkamr_edu/install/btkamr_description/share/btkamr_description/package.dsv'
[0.851s] INFO:colcon.colcon_core.shell:Creating package script '/home/meren/Projects/btkamr_edu/install/btkamr_description/share/btkamr_description/package.sh'
[0.851s] INFO:colcon.colcon_core.shell:Creating package script '/home/meren/Projects/btkamr_edu/install/btkamr_description/share/btkamr_description/package.bash'
[0.851s] INFO:colcon.colcon_core.shell:Creating package script '/home/meren/Projects/btkamr_edu/install/btkamr_description/share/btkamr_description/package.zsh'
[0.851s] Level 1:colcon.colcon_core.environment:create_file_with_runtime_dependencies(/home/meren/Projects/btkamr_edu/install/btkamr_description/share/colcon-core/packages/btkamr_description)
[0.966s] DEBUG:colcon.colcon_core.event_handler.log_command:Invoked command in '/home/meren/Projects/btkamr_edu/build/btkamr_simulate' returned '0': CMAKE_PREFIX_PATH=${CMAKE_PREFIX_PATH}:/home/meren/Projects/btkamr_edu/app_ws/install/btkamr_tools:/home/meren/Projects/btkamr_edu/app_ws/install/btkamr_sim_scripts:/home/meren/Projects/btkamr_edu/install/btkamr_tools:/home/meren/Projects/btkamr_edu/install/btkamr_sim_scripts:/opt/ros/jazzy DEBUGINFOD_URLS=https://debuginfod.ubuntu.com /usr/bin/cmake /home/meren/Projects/btkamr_edu/app_ws/src/btkamr_simulate -DCMAKE_INSTALL_PREFIX=/home/meren/Projects/btkamr_edu/install/btkamr_simulate
[0.967s] DEBUG:colcon.colcon_core.event_handler.log_command:Invoking command in '/home/meren/Projects/btkamr_edu/build/btkamr_simulate': CMAKE_PREFIX_PATH=${CMAKE_PREFIX_PATH}:/home/meren/Projects/btkamr_edu/app_ws/install/btkamr_tools:/home/meren/Projects/btkamr_edu/app_ws/install/btkamr_sim_scripts:/home/meren/Projects/btkamr_edu/install/btkamr_tools:/home/meren/Projects/btkamr_edu/install/btkamr_sim_scripts:/opt/ros/jazzy DEBUGINFOD_URLS=https://debuginfod.ubuntu.com /usr/bin/cmake --build /home/meren/Projects/btkamr_edu/build/btkamr_simulate -- -j12 -l12
[0.999s] DEBUG:colcon.colcon_core.event_handler.log_command:Invoked command in '/home/meren/Projects/btkamr_edu/build/btkamr_simulate' returned '0': CMAKE_PREFIX_PATH=${CMAKE_PREFIX_PATH}:/home/meren/Projects/btkamr_edu/app_ws/install/btkamr_tools:/home/meren/Projects/btkamr_edu/app_ws/install/btkamr_sim_scripts:/home/meren/Projects/btkamr_edu/install/btkamr_tools:/home/meren/Projects/btkamr_edu/install/btkamr_sim_scripts:/opt/ros/jazzy DEBUGINFOD_URLS=https://debuginfod.ubuntu.com /usr/bin/cmake --build /home/meren/Projects/btkamr_edu/build/btkamr_simulate -- -j12 -l12
[1.000s] DEBUG:colcon.colcon_core.event_handler.log_command:Invoking command in '/home/meren/Projects/btkamr_edu/build/btkamr_simulate': CMAKE_PREFIX_PATH=${CMAKE_PREFIX_PATH}:/home/meren/Projects/btkamr_edu/app_ws/install/btkamr_tools:/home/meren/Projects/btkamr_edu/app_ws/install/btkamr_sim_scripts:/home/meren/Projects/btkamr_edu/install/btkamr_tools:/home/meren/Projects/btkamr_edu/install/btkamr_sim_scripts:/opt/ros/jazzy DEBUGINFOD_URLS=https://debuginfod.ubuntu.com /usr/bin/cmake --install /home/meren/Projects/btkamr_edu/build/btkamr_simulate
[1.011s] Level 1:colcon.colcon_core.environment:create_environment_scripts_only(btkamr_simulate)
[1.011s] Level 1:colcon.colcon_core.environment:checking '/home/meren/Projects/btkamr_edu/install/btkamr_simulate' for CMake module files
[1.012s] DEBUG:colcon.colcon_core.event_handler.log_command:Invoked command in '/home/meren/Projects/btkamr_edu/build/btkamr_simulate' returned '0': CMAKE_PREFIX_PATH=${CMAKE_PREFIX_PATH}:/home/meren/Projects/btkamr_edu/app_ws/install/btkamr_tools:/home/meren/Projects/btkamr_edu/app_ws/install/btkamr_sim_scripts:/home/meren/Projects/btkamr_edu/install/btkamr_tools:/home/meren/Projects/btkamr_edu/install/btkamr_sim_scripts:/opt/ros/jazzy DEBUGINFOD_URLS=https://debuginfod.ubuntu.com /usr/bin/cmake --install /home/meren/Projects/btkamr_edu/build/btkamr_simulate
[1.012s] Level 1:colcon.colcon_core.environment:checking '/home/meren/Projects/btkamr_edu/install/btkamr_simulate' for CMake config files
[1.012s] Level 1:colcon.colcon_core.shell:create_environment_hook('btkamr_simulate', 'cmake_prefix_path')
[1.013s] INFO:colcon.colcon_core.shell:Creating environment hook '/home/meren/Projects/btkamr_edu/install/btkamr_simulate/share/btkamr_simulate/hook/cmake_prefix_path.ps1'
[1.013s] INFO:colcon.colcon_core.shell:Creating environment descriptor '/home/meren/Projects/btkamr_edu/install/btkamr_simulate/share/btkamr_simulate/hook/cmake_prefix_path.dsv'
[1.014s] INFO:colcon.colcon_core.shell:Creating environment hook '/home/meren/Projects/btkamr_edu/install/btkamr_simulate/share/btkamr_simulate/hook/cmake_prefix_path.sh'
[1.014s] Level 1:colcon.colcon_core.environment:checking '/home/meren/Projects/btkamr_edu/install/btkamr_simulate/bin'
[1.014s] Level 1:colcon.colcon_core.environment:checking '/home/meren/Projects/btkamr_edu/install/btkamr_simulate/lib/pkgconfig/btkamr_simulate.pc'
[1.015s] Level 1:colcon.colcon_core.environment:checking '/home/meren/Projects/btkamr_edu/install/btkamr_simulate/lib/python3.12/site-packages'
[1.015s] Level 1:colcon.colcon_core.environment:checking '/home/meren/Projects/btkamr_edu/install/btkamr_simulate/bin'
[1.015s] INFO:colcon.colcon_core.shell:Creating package script '/home/meren/Projects/btkamr_edu/install/btkamr_simulate/share/btkamr_simulate/package.ps1'
[1.016s] INFO:colcon.colcon_core.shell:Creating package descriptor '/home/meren/Projects/btkamr_edu/install/btkamr_simulate/share/btkamr_simulate/package.dsv'
[1.016s] INFO:colcon.colcon_core.shell:Creating package script '/home/meren/Projects/btkamr_edu/install/btkamr_simulate/share/btkamr_simulate/package.sh'
[1.016s] INFO:colcon.colcon_core.shell:Creating package script '/home/meren/Projects/btkamr_edu/install/btkamr_simulate/share/btkamr_simulate/package.bash'
[1.017s] INFO:colcon.colcon_core.shell:Creating package script '/home/meren/Projects/btkamr_edu/install/btkamr_simulate/share/btkamr_simulate/package.zsh'
[1.017s] Level 1:colcon.colcon_core.environment:create_file_with_runtime_dependencies(/home/meren/Projects/btkamr_edu/install/btkamr_simulate/share/colcon-core/packages/btkamr_simulate)
[1.017s] Level 1:colcon.colcon_core.environment:create_environment_scripts_only(btkamr_simulate)
[1.017s] Level 1:colcon.colcon_core.environment:checking '/home/meren/Projects/btkamr_edu/install/btkamr_simulate' for CMake module files
[1.018s] Level 1:colcon.colcon_core.environment:checking '/home/meren/Projects/btkamr_edu/install/btkamr_simulate' for CMake config files
[1.018s] Level 1:colcon.colcon_core.shell:create_environment_hook('btkamr_simulate', 'cmake_prefix_path')
[1.018s] INFO:colcon.colcon_core.shell:Creating environment hook '/home/meren/Projects/btkamr_edu/install/btkamr_simulate/share/btkamr_simulate/hook/cmake_prefix_path.ps1'
[1.019s] INFO:colcon.colcon_core.shell:Creating environment descriptor '/home/meren/Projects/btkamr_edu/install/btkamr_simulate/share/btkamr_simulate/hook/cmake_prefix_path.dsv'
[1.019s] INFO:colcon.colcon_core.shell:Creating environment hook '/home/meren/Projects/btkamr_edu/install/btkamr_simulate/share/btkamr_simulate/hook/cmake_prefix_path.sh'
[1.020s] Level 1:colcon.colcon_core.environment:checking '/home/meren/Projects/btkamr_edu/install/btkamr_simulate/bin'
[1.020s] Level 1:colcon.colcon_core.environment:checking '/home/meren/Projects/btkamr_edu/install/btkamr_simulate/lib/pkgconfig/btkamr_simulate.pc'
[1.020s] Level 1:colcon.colcon_core.environment:checking '/home/meren/Projects/btkamr_edu/install/btkamr_simulate/lib/python3.12/site-packages'
[1.020s] Level 1:colcon.colcon_core.environment:checking '/home/meren/Projects/btkamr_edu/install/btkamr_simulate/bin'
[1.020s] INFO:colcon.colcon_core.shell:Creating package script '/home/meren/Projects/btkamr_edu/install/btkamr_simulate/share/btkamr_simulate/package.ps1'
[1.021s] INFO:colcon.colcon_core.shell:Creating package descriptor '/home/meren/Projects/btkamr_edu/install/btkamr_simulate/share/btkamr_simulate/package.dsv'
[1.021s] INFO:colcon.colcon_core.shell:Creating package script '/home/meren/Projects/btkamr_edu/install/btkamr_simulate/share/btkamr_simulate/package.sh'
[1.022s] INFO:colcon.colcon_core.shell:Creating package script '/home/meren/Projects/btkamr_edu/install/btkamr_simulate/share/btkamr_simulate/package.bash'
[1.022s] INFO:colcon.colcon_core.shell:Creating package script '/home/meren/Projects/btkamr_edu/install/btkamr_simulate/share/btkamr_simulate/package.zsh'
[1.023s] Level 1:colcon.colcon_core.environment:create_file_with_runtime_dependencies(/home/meren/Projects/btkamr_edu/install/btkamr_simulate/share/colcon-core/packages/btkamr_simulate)
[1.042s] DEBUG:colcon.colcon_core.event_handler.log_command:Invoking command in '/home/meren/Projects/btkamr_edu/app_ws/src/btkamr_tools': DEBUGINFOD_URLS=https://debuginfod.ubuntu.com PYTHONPATH=/home/meren/Projects/btkamr_edu/build/btkamr_tools/prefix_override:/usr/lib/python3/dist-packages/colcon_core/task/python/colcon_distutils_commands:/home/meren/Projects/btkamr_edu/install/btkamr_tools/lib/python3.12/site-packages:${PYTHONPATH} /usr/bin/python3 -W ignore:setup.py install is deprecated -W ignore:easy_install command is deprecated setup.py egg_info --egg-base ../../../build/btkamr_tools build --build-base /home/meren/Projects/btkamr_edu/build/btkamr_tools/build install --record /home/meren/Projects/btkamr_edu/build/btkamr_tools/install.log --single-version-externally-managed install_data
[1.050s] DEBUG:colcon.colcon_core.event_handler.log_command:Invoking command in '/home/meren/Projects/btkamr_edu/app_ws/src/btkamr_sim_scripts': DEBUGINFOD_URLS=https://debuginfod.ubuntu.com PYTHONPATH=/home/meren/Projects/btkamr_edu/build/btkamr_sim_scripts/prefix_override:/usr/lib/python3/dist-packages/colcon_core/task/python/colcon_distutils_commands:/home/meren/Projects/btkamr_edu/install/btkamr_sim_scripts/lib/python3.12/site-packages:${PYTHONPATH} /usr/bin/python3 -W ignore:setup.py install is deprecated -W ignore:easy_install command is deprecated setup.py egg_info --egg-base ../../../build/btkamr_sim_scripts build --build-base /home/meren/Projects/btkamr_edu/build/btkamr_sim_scripts/build install --record /home/meren/Projects/btkamr_edu/build/btkamr_sim_scripts/install.log --single-version-externally-managed install_data
[1.488s] Level 1:colcon.colcon_core.environment:checking '/home/meren/Projects/btkamr_edu/install/btkamr_tools' for CMake module files
[1.488s] DEBUG:colcon.colcon_core.event_handler.log_command:Invoked command in '/home/meren/Projects/btkamr_edu/app_ws/src/btkamr_tools' returned '0': DEBUGINFOD_URLS=https://debuginfod.ubuntu.com PYTHONPATH=/home/meren/Projects/btkamr_edu/build/btkamr_tools/prefix_override:/usr/lib/python3/dist-packages/colcon_core/task/python/colcon_distutils_commands:/home/meren/Projects/btkamr_edu/install/btkamr_tools/lib/python3.12/site-packages:${PYTHONPATH} /usr/bin/python3 -W ignore:setup.py install is deprecated -W ignore:easy_install command is deprecated setup.py egg_info --egg-base ../../../build/btkamr_tools build --build-base /home/meren/Projects/btkamr_edu/build/btkamr_tools/build install --record /home/meren/Projects/btkamr_edu/build/btkamr_tools/install.log --single-version-externally-managed install_data
[1.488s] Level 1:colcon.colcon_core.environment:checking '/home/meren/Projects/btkamr_edu/install/btkamr_tools' for CMake config files
[1.489s] Level 1:colcon.colcon_core.environment:checking '/home/meren/Projects/btkamr_edu/install/btkamr_tools/lib'
[1.489s] Level 1:colcon.colcon_core.environment:checking '/home/meren/Projects/btkamr_edu/install/btkamr_tools/bin'
[1.489s] Level 1:colcon.colcon_core.environment:checking '/home/meren/Projects/btkamr_edu/install/btkamr_tools/lib/pkgconfig/btkamr_tools.pc'
[1.489s] Level 1:colcon.colcon_core.environment:checking '/home/meren/Projects/btkamr_edu/install/btkamr_tools/lib/python3.12/site-packages'
[1.489s] Level 1:colcon.colcon_core.shell:create_environment_hook('btkamr_tools', 'pythonpath')
[1.489s] INFO:colcon.colcon_core.shell:Creating environment hook '/home/meren/Projects/btkamr_edu/install/btkamr_tools/share/btkamr_tools/hook/pythonpath.ps1'
[1.490s] INFO:colcon.colcon_core.shell:Creating environment descriptor '/home/meren/Projects/btkamr_edu/install/btkamr_tools/share/btkamr_tools/hook/pythonpath.dsv'
[1.490s] INFO:colcon.colcon_core.shell:Creating environment hook '/home/meren/Projects/btkamr_edu/install/btkamr_tools/share/btkamr_tools/hook/pythonpath.sh'
[1.491s] Level 1:colcon.colcon_core.environment:checking '/home/meren/Projects/btkamr_edu/install/btkamr_tools/bin'
[1.491s] Level 1:colcon.colcon_core.environment:create_environment_scripts_only(btkamr_tools)
[1.491s] INFO:colcon.colcon_core.shell:Creating package script '/home/meren/Projects/btkamr_edu/install/btkamr_tools/share/btkamr_tools/package.ps1'
[1.491s] INFO:colcon.colcon_core.shell:Creating package descriptor '/home/meren/Projects/btkamr_edu/install/btkamr_tools/share/btkamr_tools/package.dsv'
[1.491s] INFO:colcon.colcon_core.shell:Creating package script '/home/meren/Projects/btkamr_edu/install/btkamr_tools/share/btkamr_tools/package.sh'
[1.492s] INFO:colcon.colcon_core.shell:Creating package script '/home/meren/Projects/btkamr_edu/install/btkamr_tools/share/btkamr_tools/package.bash'
[1.492s] INFO:colcon.colcon_core.shell:Creating package script '/home/meren/Projects/btkamr_edu/install/btkamr_tools/share/btkamr_tools/package.zsh'
[1.492s] Level 1:colcon.colcon_core.environment:create_file_with_runtime_dependencies(/home/meren/Projects/btkamr_edu/install/btkamr_tools/share/colcon-core/packages/btkamr_tools)
[1.496s] Level 1:colcon.colcon_core.environment:checking '/home/meren/Projects/btkamr_edu/install/btkamr_sim_scripts' for CMake module files
[1.496s] DEBUG:colcon.colcon_core.event_handler.log_command:Invoked command in '/home/meren/Projects/btkamr_edu/app_ws/src/btkamr_sim_scripts' returned '0': DEBUGINFOD_URLS=https://debuginfod.ubuntu.com PYTHONPATH=/home/meren/Projects/btkamr_edu/build/btkamr_sim_scripts/prefix_override:/usr/lib/python3/dist-packages/colcon_core/task/python/colcon_distutils_commands:/home/meren/Projects/btkamr_edu/install/btkamr_sim_scripts/lib/python3.12/site-packages:${PYTHONPATH} /usr/bin/python3 -W ignore:setup.py install is deprecated -W ignore:easy_install command is deprecated setup.py egg_info --egg-base ../../../build/btkamr_sim_scripts build --build-base /home/meren/Projects/btkamr_edu/build/btkamr_sim_scripts/build install --record /home/meren/Projects/btkamr_edu/build/btkamr_sim_scripts/install.log --single-version-externally-managed install_data
[1.497s] Level 1:colcon.colcon_core.environment:checking '/home/meren/Projects/btkamr_edu/install/btkamr_sim_scripts' for CMake config files
[1.497s] Level 1:colcon.colcon_core.environment:checking '/home/meren/Projects/btkamr_edu/install/btkamr_sim_scripts/lib'
[1.497s] Level 1:colcon.colcon_core.environment:checking '/home/meren/Projects/btkamr_edu/install/btkamr_sim_scripts/bin'
[1.497s] Level 1:colcon.colcon_core.environment:checking '/home/meren/Projects/btkamr_edu/install/btkamr_sim_scripts/lib/pkgconfig/btkamr_sim_scripts.pc'
[1.497s] Level 1:colcon.colcon_core.environment:checking '/home/meren/Projects/btkamr_edu/install/btkamr_sim_scripts/lib/python3.12/site-packages'
[1.497s] Level 1:colcon.colcon_core.shell:create_environment_hook('btkamr_sim_scripts', 'pythonpath')
[1.497s] INFO:colcon.colcon_core.shell:Creating environment hook '/home/meren/Projects/btkamr_edu/install/btkamr_sim_scripts/share/btkamr_sim_scripts/hook/pythonpath.ps1'
[1.498s] INFO:colcon.colcon_core.shell:Creating environment descriptor '/home/meren/Projects/btkamr_edu/install/btkamr_sim_scripts/share/btkamr_sim_scripts/hook/pythonpath.dsv'
[1.498s] INFO:colcon.colcon_core.shell:Creating environment hook '/home/meren/Projects/btkamr_edu/install/btkamr_sim_scripts/share/btkamr_sim_scripts/hook/pythonpath.sh'
[1.498s] Level 1:colcon.colcon_core.environment:checking '/home/meren/Projects/btkamr_edu/install/btkamr_sim_scripts/bin'
[1.498s] Level 1:colcon.colcon_core.environment:create_environment_scripts_only(btkamr_sim_scripts)
[1.498s] INFO:colcon.colcon_core.shell:Creating package script '/home/meren/Projects/btkamr_edu/install/btkamr_sim_scripts/share/btkamr_sim_scripts/package.ps1'
[1.499s] INFO:colcon.colcon_core.shell:Creating package descriptor '/home/meren/Projects/btkamr_edu/install/btkamr_sim_scripts/share/btkamr_sim_scripts/package.dsv'
[1.499s] INFO:colcon.colcon_core.shell:Creating package script '/home/meren/Projects/btkamr_edu/install/btkamr_sim_scripts/share/btkamr_sim_scripts/package.sh'
[1.499s] INFO:colcon.colcon_core.shell:Creating package script '/home/meren/Projects/btkamr_edu/install/btkamr_sim_scripts/share/btkamr_sim_scripts/package.bash'
[1.499s] INFO:colcon.colcon_core.shell:Creating package script '/home/meren/Projects/btkamr_edu/install/btkamr_sim_scripts/share/btkamr_sim_scripts/package.zsh'
[1.500s] Level 1:colcon.colcon_core.environment:create_file_with_runtime_dependencies(/home/meren/Projects/btkamr_edu/install/btkamr_sim_scripts/share/colcon-core/packages/btkamr_sim_scripts)
[1.500s] DEBUG:colcon.colcon_parallel_executor.executor.parallel:closing loop
[1.500s] DEBUG:colcon.colcon_parallel_executor.executor.parallel:loop closed
[1.500s] DEBUG:colcon.colcon_parallel_executor.executor.parallel:run_until_complete finished with '0'
[1.500s] DEBUG:colcon.colcon_core.event_reactor:joining thread
[1.504s] INFO:colcon.colcon_core.plugin_system:Skipping extension 'colcon_notification.desktop_notification.terminal_notifier': Not used on non-Darwin systems
[1.504s] INFO:colcon.colcon_core.plugin_system:Skipping extension 'colcon_notification.desktop_notification.win32': Not used on non-Windows systems
[1.504s] INFO:colcon.colcon_notification.desktop_notification:Sending desktop notification using 'notify2'
[1.516s] DEBUG:colcon.colcon_core.event_reactor:joined thread
[1.517s] INFO:colcon.colcon_core.shell:Creating prefix script '/home/meren/Projects/btkamr_edu/install/local_setup.ps1'
[1.518s] INFO:colcon.colcon_core.shell:Creating prefix util module '/home/meren/Projects/btkamr_edu/install/_local_setup_util_ps1.py'
[1.519s] INFO:colcon.colcon_core.shell:Creating prefix chain script '/home/meren/Projects/btkamr_edu/install/setup.ps1'
[1.520s] INFO:colcon.colcon_core.shell:Creating prefix script '/home/meren/Projects/btkamr_edu/install/local_setup.sh'
[1.521s] INFO:colcon.colcon_core.shell:Creating prefix util module '/home/meren/Projects/btkamr_edu/install/_local_setup_util_sh.py'
[1.521s] INFO:colcon.colcon_core.shell:Creating prefix chain script '/home/meren/Projects/btkamr_edu/install/setup.sh'
[1.522s] INFO:colcon.colcon_core.shell:Creating prefix script '/home/meren/Projects/btkamr_edu/install/local_setup.bash'
[1.523s] INFO:colcon.colcon_core.shell:Creating prefix chain script '/home/meren/Projects/btkamr_edu/install/setup.bash'
[1.524s] INFO:colcon.colcon_core.shell:Creating prefix script '/home/meren/Projects/btkamr_edu/install/local_setup.zsh'
[1.524s] INFO:colcon.colcon_core.shell:Creating prefix chain script '/home/meren/Projects/btkamr_edu/install/setup.zsh'
