[0.017s] Invoking command in '/home/meren/Projects/btkamr_edu/build/btkamr_description': CMAKE_PREFIX_PATH=${CMAKE_PREFIX_PATH}:/home/meren/Projects/btkamr_edu/app_ws/install/btkamr_tools:/home/meren/Projects/btkamr_edu/app_ws/install/btkamr_sim_scripts:/home/meren/Projects/btkamr_edu/install/btkamr_tools:/home/meren/Projects/btkamr_edu/install/btkamr_sim_scripts:/opt/ros/jazzy DEBUGINFOD_URLS=https://debuginfod.ubuntu.com /usr/bin/cmake /home/meren/Projects/btkamr_edu/app_ws/src/btkamr_description -DCMAKE_INSTALL_PREFIX=/home/meren/Projects/btkamr_edu/install/btkamr_description
[0.186s] -- The C compiler identification is GNU 13.3.0
[0.186s] -- The CXX compiler identification is GNU 13.3.0
[0.186s] -- Detecting C compiler ABI info
[0.186s] -- Detecting C compiler ABI info - done
[0.186s] -- Check for working C compiler: /usr/bin/cc - skipped
[0.186s] -- Detecting C compile features
[0.186s] -- Detecting C compile features - done
[0.186s] -- Detecting CXX compiler ABI info
[0.266s] -- Detecting CXX compiler ABI info - done
[0.273s] -- Check for working CXX compiler: /usr/bin/c++ - skipped
[0.273s] -- Detecting CXX compile features
[0.273s] -- Detecting CXX compile features - done
[0.277s] -- Found ament_cmake: 2.5.4 (/opt/ros/jazzy/share/ament_cmake/cmake)
[0.400s] -- Found Python3: /usr/bin/python3 (found version "3.12.3") found components: Interpreter 
[0.509s] -- Found ament_lint_auto: 0.17.3 (/opt/ros/jazzy/share/ament_lint_auto/cmake)
[0.610s] -- Added test 'flake8' to check Python code syntax and style conventions
[0.610s] -- Configured 'flake8' exclude dirs and/or files: 
[0.611s] -- Added test 'lint_cmake' to check CMake code style
[0.612s] -- Added test 'pep257' to check Python code against some of the docstring style conventions in PEP 257
[0.613s] -- Added test 'xmllint' to check XML markup files
[0.615s] -- Configuring done (0.6s)
[0.617s] -- Generating done (0.0s)
[0.618s] -- Build files have been written to: /home/meren/Projects/btkamr_edu/build/btkamr_description
[0.623s] Invoked command in '/home/meren/Projects/btkamr_edu/build/btkamr_description' returned '0': CMAKE_PREFIX_PATH=${CMAKE_PREFIX_PATH}:/home/meren/Projects/btkamr_edu/app_ws/install/btkamr_tools:/home/meren/Projects/btkamr_edu/app_ws/install/btkamr_sim_scripts:/home/meren/Projects/btkamr_edu/install/btkamr_tools:/home/meren/Projects/btkamr_edu/install/btkamr_sim_scripts:/opt/ros/jazzy DEBUGINFOD_URLS=https://debuginfod.ubuntu.com /usr/bin/cmake /home/meren/Projects/btkamr_edu/app_ws/src/btkamr_description -DCMAKE_INSTALL_PREFIX=/home/meren/Projects/btkamr_edu/install/btkamr_description
[0.624s] Invoking command in '/home/meren/Projects/btkamr_edu/build/btkamr_description': CMAKE_PREFIX_PATH=${CMAKE_PREFIX_PATH}:/home/meren/Projects/btkamr_edu/app_ws/install/btkamr_tools:/home/meren/Projects/btkamr_edu/app_ws/install/btkamr_sim_scripts:/home/meren/Projects/btkamr_edu/install/btkamr_tools:/home/meren/Projects/btkamr_edu/install/btkamr_sim_scripts:/opt/ros/jazzy DEBUGINFOD_URLS=https://debuginfod.ubuntu.com /usr/bin/cmake --build /home/meren/Projects/btkamr_edu/build/btkamr_description -- -j12 -l12
[0.655s] Invoked command in '/home/meren/Projects/btkamr_edu/build/btkamr_description' returned '0': CMAKE_PREFIX_PATH=${CMAKE_PREFIX_PATH}:/home/meren/Projects/btkamr_edu/app_ws/install/btkamr_tools:/home/meren/Projects/btkamr_edu/app_ws/install/btkamr_sim_scripts:/home/meren/Projects/btkamr_edu/install/btkamr_tools:/home/meren/Projects/btkamr_edu/install/btkamr_sim_scripts:/opt/ros/jazzy DEBUGINFOD_URLS=https://debuginfod.ubuntu.com /usr/bin/cmake --build /home/meren/Projects/btkamr_edu/build/btkamr_description -- -j12 -l12
[0.663s] Invoking command in '/home/meren/Projects/btkamr_edu/build/btkamr_description': CMAKE_PREFIX_PATH=${CMAKE_PREFIX_PATH}:/home/meren/Projects/btkamr_edu/app_ws/install/btkamr_tools:/home/meren/Projects/btkamr_edu/app_ws/install/btkamr_sim_scripts:/home/meren/Projects/btkamr_edu/install/btkamr_tools:/home/meren/Projects/btkamr_edu/install/btkamr_sim_scripts:/opt/ros/jazzy DEBUGINFOD_URLS=https://debuginfod.ubuntu.com /usr/bin/cmake --install /home/meren/Projects/btkamr_edu/build/btkamr_description
[0.669s] -- Install configuration: ""
[0.669s] -- Installing: /home/meren/Projects/btkamr_edu/install/btkamr_description/share/btkamr_description//urdf
[0.669s] -- Installing: /home/meren/Projects/btkamr_edu/install/btkamr_description/share/btkamr_description//urdf/g_plugins.urdf.xacro
[0.669s] -- Installing: /home/meren/Projects/btkamr_edu/install/btkamr_description/share/btkamr_description//urdf/wheels.urdf.xacro
[0.669s] -- Installing: /home/meren/Projects/btkamr_edu/install/btkamr_description/share/btkamr_description//urdf/main.urdf.xacro
[0.669s] -- Installing: /home/meren/Projects/btkamr_edu/install/btkamr_description/share/btkamr_description//urdf/sensor_extensions.urdf.xacro
[0.669s] -- Installing: /home/meren/Projects/btkamr_edu/install/btkamr_description/share/btkamr_description//launch
[0.669s] -- Installing: /home/meren/Projects/btkamr_edu/install/btkamr_description/share/btkamr_description//launch/display.launch.py
[0.669s] -- Installing: /home/meren/Projects/btkamr_edu/install/btkamr_description/share/btkamr_description//launch/gazebo.launch.py
[0.669s] -- Installing: /home/meren/Projects/btkamr_edu/install/btkamr_description/share/btkamr_description//config
[0.669s] -- Installing: /home/meren/Projects/btkamr_edu/install/btkamr_description/share/btkamr_description//config/gz_bridge.yaml
[0.669s] -- Installing: /home/meren/Projects/btkamr_edu/install/btkamr_description/share/ament_index/resource_index/package_run_dependencies/btkamr_description
[0.669s] -- Installing: /home/meren/Projects/btkamr_edu/install/btkamr_description/share/ament_index/resource_index/parent_prefix_path/btkamr_description
[0.669s] -- Installing: /home/meren/Projects/btkamr_edu/install/btkamr_description/share/btkamr_description/environment/ament_prefix_path.sh
[0.670s] -- Installing: /home/meren/Projects/btkamr_edu/install/btkamr_description/share/btkamr_description/environment/ament_prefix_path.dsv
[0.670s] -- Installing: /home/meren/Projects/btkamr_edu/install/btkamr_description/share/btkamr_description/environment/path.sh
[0.670s] -- Installing: /home/meren/Projects/btkamr_edu/install/btkamr_description/share/btkamr_description/environment/path.dsv
[0.670s] -- Installing: /home/meren/Projects/btkamr_edu/install/btkamr_description/share/btkamr_description/local_setup.bash
[0.670s] -- Installing: /home/meren/Projects/btkamr_edu/install/btkamr_description/share/btkamr_description/local_setup.sh
[0.670s] -- Installing: /home/meren/Projects/btkamr_edu/install/btkamr_description/share/btkamr_description/local_setup.zsh
[0.670s] -- Installing: /home/meren/Projects/btkamr_edu/install/btkamr_description/share/btkamr_description/local_setup.dsv
[0.670s] -- Installing: /home/meren/Projects/btkamr_edu/install/btkamr_description/share/btkamr_description/package.dsv
[0.670s] -- Installing: /home/meren/Projects/btkamr_edu/install/btkamr_description/share/ament_index/resource_index/packages/btkamr_description
[0.670s] -- Installing: /home/meren/Projects/btkamr_edu/install/btkamr_description/share/btkamr_description/cmake/btkamr_descriptionConfig.cmake
[0.670s] -- Installing: /home/meren/Projects/btkamr_edu/install/btkamr_description/share/btkamr_description/cmake/btkamr_descriptionConfig-version.cmake
[0.670s] -- Installing: /home/meren/Projects/btkamr_edu/install/btkamr_description/share/btkamr_description/package.xml
[0.671s] Invoked command in '/home/meren/Projects/btkamr_edu/build/btkamr_description' returned '0': CMAKE_PREFIX_PATH=${CMAKE_PREFIX_PATH}:/home/meren/Projects/btkamr_edu/app_ws/install/btkamr_tools:/home/meren/Projects/btkamr_edu/app_ws/install/btkamr_sim_scripts:/home/meren/Projects/btkamr_edu/install/btkamr_tools:/home/meren/Projects/btkamr_edu/install/btkamr_sim_scripts:/opt/ros/jazzy DEBUGINFOD_URLS=https://debuginfod.ubuntu.com /usr/bin/cmake --install /home/meren/Projects/btkamr_edu/build/btkamr_description
